<?xml version="1.0" encoding="UTF-8"?>
<testsuites name="CreateVessel" time="97" tests="1" failures="1" errors="0">
   <testsuite name="CreateVessel" tests="1" failures="1" errors="0" time="97" timestamp="2018-01-11 16:31:55" hostname="GDC - TaushevIS" id="Test Suites/CreateVessel">
      <properties>
         <property name="deviceName" value=""/>
         <property name="devicePlatform" value=""/>
         <property name="logFolder" value="C:\\TestProject\\glowing-giggle\\Reports\\CreateVessel\\20180111_163153"/>
         <property name="logFiles" value="C:\\TestProject\\glowing-giggle\\Reports\\CreateVessel\\20180111_163153\\execution0.log"/>
         <property name="attachments" value="C:\\TestProject\\glowing-giggle\\Reports\\CreateVessel\\20180111_163153\\1515677612690.png"/>
         <property name="hostName" value="GDC - TaushevIS"/>
         <property name="os" value="Windows 10 64bit"/>
         <property name="katalonVersion" value="5.2.0.1"/>
         <property name="browser" value="Chrome 63.0.3239.132"/>
         <property name="hostAddress" value="192.168.100.10"/>
         <property name="sessionId" value="abd722b9336ea6e0e6b82d3dd95725a3"/>
         <property name="seleniumVersion" value="3.7.1"/>
         <property name="proxyInformation" value="ProxyInformation{proxyOption=NO_PROXY, proxyServerType=HTTP, password=, proxyServerAddress=, proxyServerPort=0}"/>
         <property name="platform" value="Windows 10"/>
      </properties>
      <testcase name="Test Cases/Work/Vessel/1. Create New Vessel" classname="Test Cases/Work/Vessel/1. Create New Vessel" status="PASSED">
         <system-out><![CDATA[2018-01-11 16:31:56 - [TEST_CASE][PASSED] - Test Cases/Work/Vessel/1. Create New Vessel: Test Cases/Work/Vessel/1. Create New Vessel

2018-01-11 16:31:57 - [TEST_STEP][PASSED] - callTestCase: Call Test Case 'Test Cases/Work/Valid login' successfully

2018-01-11 16:31:57 - [TEST_CASE][PASSED] - Test Cases/Work/Valid login: Test Cases/Work/Valid login

2018-01-11 16:31:57 - [TEST_STEP][PASSED] - openBrowser: Browser is opened with url: 'https://system.misnik.by:8484/index.php'

2018-01-11 16:32:05 - [MESSAGE][PASSED] - Browser is opened with url: 'https://system.misnik.by:8484/index.php'

2018-01-11 16:32:05 - [TEST_STEP][PASSED] - verifyTextPresent: Text 'Вход' is present on page 

2018-01-11 16:32:05 - [MESSAGE][PASSED] - Text 'Вход' is present on page 

2018-01-11 16:32:05 - [TEST_STEP][PASSED] - setText: Text 'TaushevIS' is set on object 'Object Repository/GIAP-DC/loginPage/input_username'

2018-01-11 16:32:05 - [MESSAGE][PASSED] - Text 'TaushevIS' is set on object 'Object Repository/GIAP-DC/loginPage/input_username'

2018-01-11 16:32:05 - [TEST_STEP][PASSED] - setText: Text 'tMYPHSIa' is set on object 'Object Repository/GIAP-DC/loginPage/input_password'

2018-01-11 16:32:05 - [MESSAGE][PASSED] - Text 'tMYPHSIa' is set on object 'Object Repository/GIAP-DC/loginPage/input_password'

2018-01-11 16:32:05 - [TEST_STEP][PASSED] - click: Object: 'Object Repository/GIAP-DC/loginPage/loginButton' is clicked on

2018-01-11 16:32:07 - [MESSAGE][PASSED] - Object: 'Object Repository/GIAP-DC/loginPage/loginButton' is clicked on

2018-01-11 16:32:07 - [TEST_STEP][PASSED] - verifyTextPresent: Text 'Главная' is present on page 

2018-01-11 16:32:08 - [MESSAGE][PASSED] - Text 'Главная' is present on page 

2018-01-11 16:32:08 - [MESSAGE][PASSED] - Call Test Case 'Test Cases/Work/Valid login' successfully

2018-01-11 16:32:08 - [TEST_STEP][PASSED] - click: Object: 'Object Repository/GIAP-DC/Vessel/AddVessel/Vessel' is clicked on

2018-01-11 16:32:10 - [MESSAGE][PASSED] - Object: 'Object Repository/GIAP-DC/Vessel/AddVessel/Vessel' is clicked on

2018-01-11 16:32:10 - [TEST_STEP][PASSED] - waitForJQueryLoad: jQuery is ready.

2018-01-11 16:32:10 - [MESSAGE][WARNING] - Timeout '0' is invalid. Using default page load timeout: '15'

2018-01-11 16:32:19 - [MESSAGE][PASSED] - jQuery is ready.

2018-01-11 16:32:19 - [TEST_STEP][PASSED] - click: Object: 'Object Repository/GIAP-DC/Vessel/AddVessel/Add' is clicked on

2018-01-11 16:32:20 - [MESSAGE][PASSED] - Object: 'Object Repository/GIAP-DC/Vessel/AddVessel/Add' is clicked on

2018-01-11 16:32:20 - [TEST_STEP][PASSED] - verifyElementText: Actual text and expected text of test object 'Object Repository/GIAP-DC/Vessel/AddVessel/h4_' are matched.

2018-01-11 16:32:21 - [MESSAGE][PASSED] - Actual text and expected text of test object 'Object Repository/GIAP-DC/Vessel/AddVessel/h4_' are matched.

2018-01-11 16:32:21 - [TEST_STEP][PASSED] - click: Object: 'Object Repository/GIAP-DC/Vessel/AddVessel/Other' is clicked on

2018-01-11 16:32:22 - [MESSAGE][PASSED] - Object: 'Object Repository/GIAP-DC/Vessel/AddVessel/Other' is clicked on

2018-01-11 16:32:22 - [TEST_STEP][PASSED] - delay: Delayed 3 second(s)

2018-01-11 16:32:25 - [MESSAGE][PASSED] - Delayed 3 second(s)

2018-01-11 16:32:25 - [TEST_STEP][PASSED] - click: Object: 'Object Repository/GIAP-DC/Vessel/AddVessel/Select' is clicked on

2018-01-11 16:32:25 - [MESSAGE][PASSED] - Object: 'Object Repository/GIAP-DC/Vessel/AddVessel/Select' is clicked on

2018-01-11 16:32:25 - [TEST_STEP][PASSED] - delay: Delayed 3 second(s)

2018-01-11 16:32:28 - [MESSAGE][PASSED] - Delayed 3 second(s)

2018-01-11 16:32:28 - [TEST_STEP][PASSED] - click: Object: 'Object Repository/GIAP-DC/Vessel/AddVessel/ABT-4' is clicked on

2018-01-11 16:32:28 - [MESSAGE][PASSED] - Object: 'Object Repository/GIAP-DC/Vessel/AddVessel/ABT-4' is clicked on

2018-01-11 16:32:28 - [TEST_STEP][PASSED] - setText: Text 'test100' is set on object 'Object Repository/GIAP-DC/Vessel/AddVessel/Position'

2018-01-11 16:32:35 - [MESSAGE][PASSED] - Text 'test100' is set on object 'Object Repository/GIAP-DC/Vessel/AddVessel/Position'

2018-01-11 16:32:35 - [TEST_STEP][PASSED] - click: Object: 'Object Repository/GIAP-DC/Vessel/AddVessel/AddVessel' is clicked on

2018-01-11 16:32:36 - [MESSAGE][PASSED] - Object: 'Object Repository/GIAP-DC/Vessel/AddVessel/AddVessel' is clicked on

2018-01-11 16:32:36 - [TEST_STEP][PASSED] - delay: Delayed 3 second(s)

2018-01-11 16:32:39 - [MESSAGE][PASSED] - Delayed 3 second(s)

2018-01-11 16:32:39 - [TEST_STEP][NOT_RUN] - closeBrowser: NOT_RUN: closeBrowser

2018-01-11 16:32:39 - [MESSAGE][NOT_RUN] - NOT_RUN: closeBrowser]]></system-out>
         <system-err><![CDATA[]]></system-err>
      </testcase>
      <testcase name="Test Cases/Work/Vessel/FillingOperatingParameters" classname="Test Cases/Work/Vessel/FillingOperatingParameters" status="FAILED">
         <failure type="FAILED" message="Unable to set text 'нефтепродукты' of object 'Object Repository/GIAP-DC/Vessel/Operating Parameters/History/sourceHistory' (Root cause: org.openqa.selenium.InvalidElementStateException: invalid element state: Element must be user-editable in order to clear it.
  (Session info: chrome=63.0.3239.132)
  (Driver info: chromedriver=2.33.506120 (e3e53437346286c0bc2d2dc9aa4915ba81d9023f),platform=Windows NT 10.0.16299 x86_64) (WARNING: The server did not provide any stacktrace information)
Command duration or timeout: 0 milliseconds
Build info: version: '3.7.1', revision: '8a0099a', time: '2017-11-06T21:07:36.161Z'
System info: host: 'TAUSHEVIS', ip: '192.168.100.10', os.name: 'Windows 10', os.arch: 'amd64', os.version: '10.0', java.version: '1.8.0_102'
Driver info: com.kms.katalon.selenium.driver.CChromeDriver
Capabilities {acceptSslCerts: true, applicationCacheEnabled: false, browserConnectionEnabled: false, browserName: chrome, chrome: {chromedriverVersion: 2.33.506120 (e3e53437346286..., userDataDir: C:\Users\GDC\AppData\Local\...}, cssSelectorsEnabled: true, databaseEnabled: false, handlesAlerts: true, hasTouchScreen: false, javascriptEnabled: true, locationContextEnabled: true, mobileEmulationEnabled: false, nativeEvents: true, networkConnectionEnabled: false, pageLoadStrategy: normal, platform: XP, platformName: XP, rotatable: false, setWindowRect: true, takesHeapSnapshot: true, takesScreenshot: true, unexpectedAlertBehaviour: , unhandledPromptBehavior: , version: 63.0.3239.132, webStorageEnabled: true}
Session ID: abd722b9336ea6e0e6b82d3dd95725a3)"/>
         <system-out><![CDATA[2018-01-11 16:32:39 - [TEST_CASE][FAILED] - Test Cases/Work/Vessel/FillingOperatingParameters: Test Cases/Work/Vessel/FillingOperatingParameters FAILED because (of) Unable to set text 'нефтепродукты' of object 'Object Repository/GIAP-DC/Vessel/Operating Parameters/History/sourceHistory' (Root cause: org.openqa.selenium.InvalidElementStateException: invalid element state: Element must be user-editable in order to clear it.
  (Session info: chrome=63.0.3239.132)
  (Driver info: chromedriver=2.33.506120 (e3e53437346286c0bc2d2dc9aa4915ba81d9023f),platform=Windows NT 10.0.16299 x86_64) (WARNING: The server did not provide any stacktrace information)
Command duration or timeout: 0 milliseconds
Build info: version: '3.7.1', revision: '8a0099a', time: '2017-11-06T21:07:36.161Z'
System info: host: 'TAUSHEVIS', ip: '192.168.100.10', os.name: 'Windows 10', os.arch: 'amd64', os.version: '10.0', java.version: '1.8.0_102'
Driver info: com.kms.katalon.selenium.driver.CChromeDriver
Capabilities {acceptSslCerts: true, applicationCacheEnabled: false, browserConnectionEnabled: false, browserName: chrome, chrome: {chromedriverVersion: 2.33.506120 (e3e53437346286..., userDataDir: C:\Users\GDC\AppData\Local\...}, cssSelectorsEnabled: true, databaseEnabled: false, handlesAlerts: true, hasTouchScreen: false, javascriptEnabled: true, locationContextEnabled: true, mobileEmulationEnabled: false, nativeEvents: true, networkConnectionEnabled: false, pageLoadStrategy: normal, platform: XP, platformName: XP, rotatable: false, setWindowRect: true, takesHeapSnapshot: true, takesScreenshot: true, unexpectedAlertBehaviour: , unhandledPromptBehavior: , version: 63.0.3239.132, webStorageEnabled: true}
Session ID: abd722b9336ea6e0e6b82d3dd95725a3)

2018-01-11 16:32:40 - [TEST_STEP][PASSED] - comment: Добавляем объект на вкладку "Текущие пространиства"

2018-01-11 16:32:40 - [TEST_STEP][PASSED] - click: Object: 'Object Repository/GIAP-DC/Vessel/Operating Parameters/operatingParametersButton' is clicked on

2018-01-11 16:32:48 - [MESSAGE][PASSED] - Object: 'Object Repository/GIAP-DC/Vessel/Operating Parameters/operatingParametersButton' is clicked on

2018-01-11 16:32:48 - [TEST_STEP][PASSED] - waitForJQueryLoad: jQuery is ready.

2018-01-11 16:32:49 - [MESSAGE][WARNING] - Timeout '0' is invalid. Using default page load timeout: '15'

2018-01-11 16:32:51 - [MESSAGE][PASSED] - jQuery is ready.

2018-01-11 16:32:51 - [TEST_STEP][PASSED] - click: Object: 'Object Repository/GIAP-DC/Vessel/Operating Parameters/Main/addMain' is clicked on

2018-01-11 16:32:52 - [MESSAGE][PASSED] - Object: 'Object Repository/GIAP-DC/Vessel/Operating Parameters/Main/addMain' is clicked on

2018-01-11 16:32:52 - [TEST_STEP][PASSED] - delay: Delayed 3 second(s)

2018-01-11 16:32:55 - [MESSAGE][PASSED] - Delayed 3 second(s)

2018-01-11 16:32:55 - [TEST_STEP][PASSED] - click: Object: 'Object Repository/GIAP-DC/Vessel/Operating Parameters/Main/actualSpaceMain' is clicked on

2018-01-11 16:32:55 - [MESSAGE][PASSED] - Object: 'Object Repository/GIAP-DC/Vessel/Operating Parameters/Main/actualSpaceMain' is clicked on

2018-01-11 16:32:55 - [TEST_STEP][PASSED] - delay: Delayed 3 second(s)

2018-01-11 16:32:58 - [MESSAGE][PASSED] - Delayed 3 second(s)

2018-01-11 16:32:58 - [TEST_STEP][PASSED] - click: Object: 'Object Repository/GIAP-DC/Vessel/Operating Parameters/Main/selectActualSpace' is clicked on

2018-01-11 16:32:58 - [MESSAGE][PASSED] - Object: 'Object Repository/GIAP-DC/Vessel/Operating Parameters/Main/selectActualSpace' is clicked on

2018-01-11 16:32:58 - [TEST_STEP][PASSED] - click: Object: 'Object Repository/GIAP-DC/Vessel/Operating Parameters/Main/addButton' is clicked on

2018-01-11 16:33:04 - [MESSAGE][PASSED] - Object: 'Object Repository/GIAP-DC/Vessel/Operating Parameters/Main/addButton' is clicked on

2018-01-11 16:33:04 - [TEST_STEP][PASSED] - comment: Добавляем данные на вкладку "История параметров"

2018-01-11 16:33:04 - [TEST_STEP][PASSED] - delay: Delayed 3 second(s)

2018-01-11 16:33:07 - [MESSAGE][PASSED] - Delayed 3 second(s)

2018-01-11 16:33:07 - [TEST_STEP][PASSED] - click: Object: 'Object Repository/GIAP-DC/Vessel/Operating Parameters/History/historyButton' is clicked on

2018-01-11 16:33:11 - [MESSAGE][PASSED] - Object: 'Object Repository/GIAP-DC/Vessel/Operating Parameters/History/historyButton' is clicked on

2018-01-11 16:33:11 - [TEST_STEP][PASSED] - waitForJQueryLoad: jQuery is ready.

2018-01-11 16:33:11 - [MESSAGE][WARNING] - Timeout '0' is invalid. Using default page load timeout: '15'

2018-01-11 16:33:13 - [MESSAGE][PASSED] - jQuery is ready.

2018-01-11 16:33:13 - [TEST_STEP][PASSED] - click: Object: 'Object Repository/GIAP-DC/Vessel/Operating Parameters/History/addHistory' is clicked on

2018-01-11 16:33:14 - [MESSAGE][PASSED] - Object: 'Object Repository/GIAP-DC/Vessel/Operating Parameters/History/addHistory' is clicked on

2018-01-11 16:33:14 - [TEST_STEP][PASSED] - waitForJQueryLoad: jQuery is ready.

2018-01-11 16:33:14 - [MESSAGE][WARNING] - Timeout '0' is invalid. Using default page load timeout: '15'

2018-01-11 16:33:15 - [MESSAGE][PASSED] - jQuery is ready.

2018-01-11 16:33:15 - [TEST_STEP][PASSED] - setText: Text '25.05.2014' is set on object 'Object Repository/GIAP-DC/Vessel/Operating Parameters/History/DateHistory'

2018-01-11 16:33:28 - [MESSAGE][PASSED] - Text '25.05.2014' is set on object 'Object Repository/GIAP-DC/Vessel/Operating Parameters/History/DateHistory'

2018-01-11 16:33:28 - [TEST_STEP][PASSED] - click: Object: 'Object Repository/GIAP-DC/Vessel/Operating Parameters/History/sourceHistory' is clicked on

2018-01-11 16:33:29 - [MESSAGE][PASSED] - Object: 'Object Repository/GIAP-DC/Vessel/Operating Parameters/History/sourceHistory' is clicked on

2018-01-11 16:33:29 - [TEST_STEP][PASSED] - delay: Delayed 3 second(s)

2018-01-11 16:33:32 - [MESSAGE][PASSED] - Delayed 3 second(s)

2018-01-11 16:33:32 - [TEST_STEP][PASSED] - click: Object: 'Object Repository/GIAP-DC/Vessel/Operating Parameters/History/selectDataSource' is clicked on

2018-01-11 16:33:32 - [MESSAGE][PASSED] - Object: 'Object Repository/GIAP-DC/Vessel/Operating Parameters/History/selectDataSource' is clicked on

2018-01-11 16:33:32 - [TEST_STEP][FAILED] - setText: Unable to set text 'нефтепродукты' of object 'Object Repository/GIAP-DC/Vessel/Operating Parameters/History/sourceHistory' (Root cause: org.openqa.selenium.InvalidElementStateException: invalid element state: Element must be user-editable in order to clear it.
  (Session info: chrome=63.0.3239.132)
  (Driver info: chromedriver=2.33.506120 (e3e53437346286c0bc2d2dc9aa4915ba81d9023f),platform=Windows NT 10.0.16299 x86_64) (WARNING: The server did not provide any stacktrace information)
Command duration or timeout: 0 milliseconds
Build info: version: '3.7.1', revision: '8a0099a', time: '2017-11-06T21:07:36.161Z'
System info: host: 'TAUSHEVIS', ip: '192.168.100.10', os.name: 'Windows 10', os.arch: 'amd64', os.version: '10.0', java.version: '1.8.0_102'
Driver info: com.kms.katalon.selenium.driver.CChromeDriver
Capabilities {acceptSslCerts: true, applicationCacheEnabled: false, browserConnectionEnabled: false, browserName: chrome, chrome: {chromedriverVersion: 2.33.506120 (e3e53437346286..., userDataDir: C:\Users\GDC\AppData\Local\...}, cssSelectorsEnabled: true, databaseEnabled: false, handlesAlerts: true, hasTouchScreen: false, javascriptEnabled: true, locationContextEnabled: true, mobileEmulationEnabled: false, nativeEvents: true, networkConnectionEnabled: false, pageLoadStrategy: normal, platform: XP, platformName: XP, rotatable: false, setWindowRect: true, takesHeapSnapshot: true, takesScreenshot: true, unexpectedAlertBehaviour: , unhandledPromptBehavior: , version: 63.0.3239.132, webStorageEnabled: true}
Session ID: abd722b9336ea6e0e6b82d3dd95725a3)

2018-01-11 16:33:32 - [MESSAGE][FAILED] - Unable to set text 'нефтепродукты' of object 'Object Repository/GIAP-DC/Vessel/Operating Parameters/History/sourceHistory' (Root cause: org.openqa.selenium.InvalidElementStateException: invalid element state: Element must be user-editable in order to clear it.
  (Session info: chrome=63.0.3239.132)
  (Driver info: chromedriver=2.33.506120 (e3e53437346286c0bc2d2dc9aa4915ba81d9023f),platform=Windows NT 10.0.16299 x86_64) (WARNING: The server did not provide any stacktrace information)
Command duration or timeout: 0 milliseconds
Build info: version: '3.7.1', revision: '8a0099a', time: '2017-11-06T21:07:36.161Z'
System info: host: 'TAUSHEVIS', ip: '192.168.100.10', os.name: 'Windows 10', os.arch: 'amd64', os.version: '10.0', java.version: '1.8.0_102'
Driver info: com.kms.katalon.selenium.driver.CChromeDriver
Capabilities {acceptSslCerts: true, applicationCacheEnabled: false, browserConnectionEnabled: false, browserName: chrome, chrome: {chromedriverVersion: 2.33.506120 (e3e53437346286..., userDataDir: C:\Users\GDC\AppData\Local\...}, cssSelectorsEnabled: true, databaseEnabled: false, handlesAlerts: true, hasTouchScreen: false, javascriptEnabled: true, locationContextEnabled: true, mobileEmulationEnabled: false, nativeEvents: true, networkConnectionEnabled: false, pageLoadStrategy: normal, platform: XP, platformName: XP, rotatable: false, setWindowRect: true, takesHeapSnapshot: true, takesScreenshot: true, unexpectedAlertBehaviour: , unhandledPromptBehavior: , version: 63.0.3239.132, webStorageEnabled: true}
Session ID: abd722b9336ea6e0e6b82d3dd95725a3)
[[ATTACHMENT|C:\\TestProject\\glowing-giggle\\Reports\\CreateVessel\\20180111_163153\\1515677612690.png]]]]></system-out>
         <system-err><![CDATA[2018-01-11 16:32:39 - [TEST_CASE][FAILED] - Test Cases/Work/Vessel/FillingOperatingParameters: Test Cases/Work/Vessel/FillingOperatingParameters FAILED because (of) Unable to set text 'нефтепродукты' of object 'Object Repository/GIAP-DC/Vessel/Operating Parameters/History/sourceHistory' (Root cause: org.openqa.selenium.InvalidElementStateException: invalid element state: Element must be user-editable in order to clear it.
  (Session info: chrome=63.0.3239.132)
  (Driver info: chromedriver=2.33.506120 (e3e53437346286c0bc2d2dc9aa4915ba81d9023f),platform=Windows NT 10.0.16299 x86_64) (WARNING: The server did not provide any stacktrace information)
Command duration or timeout: 0 milliseconds
Build info: version: '3.7.1', revision: '8a0099a', time: '2017-11-06T21:07:36.161Z'
System info: host: 'TAUSHEVIS', ip: '192.168.100.10', os.name: 'Windows 10', os.arch: 'amd64', os.version: '10.0', java.version: '1.8.0_102'
Driver info: com.kms.katalon.selenium.driver.CChromeDriver
Capabilities {acceptSslCerts: true, applicationCacheEnabled: false, browserConnectionEnabled: false, browserName: chrome, chrome: {chromedriverVersion: 2.33.506120 (e3e53437346286..., userDataDir: C:\Users\GDC\AppData\Local\...}, cssSelectorsEnabled: true, databaseEnabled: false, handlesAlerts: true, hasTouchScreen: false, javascriptEnabled: true, locationContextEnabled: true, mobileEmulationEnabled: false, nativeEvents: true, networkConnectionEnabled: false, pageLoadStrategy: normal, platform: XP, platformName: XP, rotatable: false, setWindowRect: true, takesHeapSnapshot: true, takesScreenshot: true, unexpectedAlertBehaviour: , unhandledPromptBehavior: , version: 63.0.3239.132, webStorageEnabled: true}
Session ID: abd722b9336ea6e0e6b82d3dd95725a3)]]></system-err>
      </testcase>
      <system-out><![CDATA[2018-01-11 16:31:55 - [TEST_SUITE][FAILED] - CreateVessel: Test Cases/Work/Vessel/FillingOperatingParameters FAILED because (of) Unable to set text 'нефтепродукты' of object 'Object Repository/GIAP-DC/Vessel/Operating Parameters/History/sourceHistory' (Root cause: org.openqa.selenium.InvalidElementStateException: invalid element state: Element must be user-editable in order to clear it.
  (Session info: chrome=63.0.3239.132)
  (Driver info: chromedriver=2.33.506120 (e3e53437346286c0bc2d2dc9aa4915ba81d9023f),platform=Windows NT 10.0.16299 x86_64) (WARNING: The server did not provide any stacktrace information)
Command duration or timeout: 0 milliseconds
Build info: version: '3.7.1', revision: '8a0099a', time: '2017-11-06T21:07:36.161Z'
System info: host: 'TAUSHEVIS', ip: '192.168.100.10', os.name: 'Windows 10', os.arch: 'amd64', os.version: '10.0', java.version: '1.8.0_102'
Driver info: com.kms.katalon.selenium.driver.CChromeDriver
Capabilities {acceptSslCerts: true, applicationCacheEnabled: false, browserConnectionEnabled: false, browserName: chrome, chrome: {chromedriverVersion: 2.33.506120 (e3e53437346286..., userDataDir: C:\Users\GDC\AppData\Local\...}, cssSelectorsEnabled: true, databaseEnabled: false, handlesAlerts: true, hasTouchScreen: false, javascriptEnabled: true, locationContextEnabled: true, mobileEmulationEnabled: false, nativeEvents: true, networkConnectionEnabled: false, pageLoadStrategy: normal, platform: XP, platformName: XP, rotatable: false, setWindowRect: true, takesHeapSnapshot: true, takesScreenshot: true, unexpectedAlertBehaviour: , unhandledPromptBehavior: , version: 63.0.3239.132, webStorageEnabled: true}
Session ID: abd722b9336ea6e0e6b82d3dd95725a3)]]></system-out>
      <system-err><![CDATA[2018-01-11 16:31:55 - [TEST_SUITE][FAILED] - CreateVessel: Test Cases/Work/Vessel/FillingOperatingParameters FAILED because (of) Unable to set text 'нефтепродукты' of object 'Object Repository/GIAP-DC/Vessel/Operating Parameters/History/sourceHistory' (Root cause: org.openqa.selenium.InvalidElementStateException: invalid element state: Element must be user-editable in order to clear it.
  (Session info: chrome=63.0.3239.132)
  (Driver info: chromedriver=2.33.506120 (e3e53437346286c0bc2d2dc9aa4915ba81d9023f),platform=Windows NT 10.0.16299 x86_64) (WARNING: The server did not provide any stacktrace information)
Command duration or timeout: 0 milliseconds
Build info: version: '3.7.1', revision: '8a0099a', time: '2017-11-06T21:07:36.161Z'
System info: host: 'TAUSHEVIS', ip: '192.168.100.10', os.name: 'Windows 10', os.arch: 'amd64', os.version: '10.0', java.version: '1.8.0_102'
Driver info: com.kms.katalon.selenium.driver.CChromeDriver
Capabilities {acceptSslCerts: true, applicationCacheEnabled: false, browserConnectionEnabled: false, browserName: chrome, chrome: {chromedriverVersion: 2.33.506120 (e3e53437346286..., userDataDir: C:\Users\GDC\AppData\Local\...}, cssSelectorsEnabled: true, databaseEnabled: false, handlesAlerts: true, hasTouchScreen: false, javascriptEnabled: true, locationContextEnabled: true, mobileEmulationEnabled: false, nativeEvents: true, networkConnectionEnabled: false, pageLoadStrategy: normal, platform: XP, platformName: XP, rotatable: false, setWindowRect: true, takesHeapSnapshot: true, takesScreenshot: true, unexpectedAlertBehaviour: , unhandledPromptBehavior: , version: 63.0.3239.132, webStorageEnabled: true}
Session ID: abd722b9336ea6e0e6b82d3dd95725a3)]]></system-err>
   </testsuite>
</testsuites>
