<?xml version="1.0" encoding="UTF-8"?>
<testsuites name="UserModule" time="398" tests="14" failures="0" errors="0">
   <testsuite name="UserModule" tests="14" failures="0" errors="0" time="398" timestamp="2018-01-03 14:32:35" hostname="1aroo - MainPC" id="Test Suites/UserModule">
      <properties>
         <property name="deviceName" value=""/>
         <property name="devicePlatform" value=""/>
         <property name="logFolder" value="C:\\Users\\1aroo\\Katalon Studio\\123\\Reports\\UserModule\\20180103_143231"/>
         <property name="logFiles" value="C:\\Users\\1aroo\\Katalon Studio\\123\\Reports\\UserModule\\20180103_143231\\execution0.log"/>
         <property name="attachments" value=""/>
         <property name="hostName" value="1aroo - MainPC"/>
         <property name="os" value="Windows 10 64bit"/>
         <property name="katalonVersion" value="5.2.0.1"/>
         <property name="browser" value="Chrome 63.0.3239.108"/>
         <property name="hostAddress" value="192.168.100.6"/>
         <property name="sessionId" value="66d6d64fbd6048ebee75925bb1555409"/>
         <property name="seleniumVersion" value="3.7.1"/>
         <property name="proxyInformation" value="ProxyInformation{proxyOption=NO_PROXY, proxyServerType=, password=, proxyServerAddress=, proxyServerPort=0}"/>
         <property name="platform" value="Windows 10"/>
      </properties>
      <testcase name="Test Cases/UsersModule/Create/Create user with empty name" classname="Test Cases/UsersModule/Create/Create user with empty name" status="PASSED">
         <system-out><![CDATA[2018-01-03 14:32:35 - [TEST_CASE][PASSED] - Test Cases/UsersModule/Create/Create user with empty name: Test Cases/UsersModule/Create/Create user with empty name

2018-01-03 14:32:36 - [TEST_STEP][PASSED] - callTestCase: Call Test Case 'Test Cases/UsersModule/Enter Users Module' successfully

2018-01-03 14:32:36 - [TEST_CASE][PASSED] - Test Cases/UsersModule/Enter Users Module: Test Cases/UsersModule/Enter Users Module

2018-01-03 14:32:37 - [TEST_STEP][PASSED] - callTestCase: Call Test Case 'Test Cases/Work/Valid login' successfully

2018-01-03 14:32:37 - [TEST_CASE][PASSED] - Test Cases/Work/Valid login: Test Cases/Work/Valid login

2018-01-03 14:32:37 - [TEST_STEP][PASSED] - openBrowser: Browser is opened with url: 'https://system.misnik.by:8484/index.php'

2018-01-03 14:32:42 - [MESSAGE][PASSED] - Browser is opened with url: 'https://system.misnik.by:8484/index.php'

2018-01-03 14:32:42 - [TEST_STEP][PASSED] - verifyTextPresent: Text 'Вход' is present on page 

2018-01-03 14:32:42 - [MESSAGE][PASSED] - Text 'Вход' is present on page 

2018-01-03 14:32:42 - [TEST_STEP][PASSED] - setText: Text 'TaushevIS' is set on object 'Object Repository/GIAP-DC/loginPage/input_username'

2018-01-03 14:32:42 - [MESSAGE][PASSED] - Text 'TaushevIS' is set on object 'Object Repository/GIAP-DC/loginPage/input_username'

2018-01-03 14:32:42 - [TEST_STEP][PASSED] - setText: Text 'tMYPHSIa' is set on object 'Object Repository/GIAP-DC/loginPage/input_password'

2018-01-03 14:32:43 - [MESSAGE][PASSED] - Text 'tMYPHSIa' is set on object 'Object Repository/GIAP-DC/loginPage/input_password'

2018-01-03 14:32:43 - [TEST_STEP][PASSED] - click: Object: 'Object Repository/GIAP-DC/loginPage/loginButton' is clicked on

2018-01-03 14:32:45 - [MESSAGE][PASSED] - Object: 'Object Repository/GIAP-DC/loginPage/loginButton' is clicked on

2018-01-03 14:32:45 - [TEST_STEP][PASSED] - verifyTextPresent: Text 'Главная' is present on page 

2018-01-03 14:32:45 - [MESSAGE][PASSED] - Text 'Главная' is present on page 

2018-01-03 14:32:45 - [MESSAGE][PASSED] - Call Test Case 'Test Cases/Work/Valid login' successfully

2018-01-03 14:32:45 - [TEST_STEP][PASSED] - delay: Delayed 3 second(s)

2018-01-03 14:32:48 - [MESSAGE][PASSED] - Delayed 3 second(s)

2018-01-03 14:32:48 - [TEST_STEP][PASSED] - click: Object: 'Object Repository/GIAP-DC/UserModule/ModuleBlock' is clicked on

2018-01-03 14:32:48 - [MESSAGE][PASSED] - Object: 'Object Repository/GIAP-DC/UserModule/ModuleBlock' is clicked on

2018-01-03 14:32:48 - [TEST_STEP][PASSED] - delay: Delayed 3 second(s)

2018-01-03 14:32:51 - [MESSAGE][PASSED] - Delayed 3 second(s)

2018-01-03 14:32:51 - [TEST_STEP][PASSED] - click: Object: 'Object Repository/GIAP-DC/UserModule/UsersModule' is clicked on

2018-01-03 14:32:53 - [MESSAGE][PASSED] - Object: 'Object Repository/GIAP-DC/UserModule/UsersModule' is clicked on

2018-01-03 14:32:53 - [MESSAGE][PASSED] - Call Test Case 'Test Cases/UsersModule/Enter Users Module' successfully

2018-01-03 14:32:53 - [TEST_STEP][PASSED] - delay: Delayed 3 second(s)

2018-01-03 14:32:56 - [MESSAGE][PASSED] - Delayed 3 second(s)

2018-01-03 14:32:56 - [TEST_STEP][PASSED] - click: Object: 'Object Repository/GIAP-DC/UserModule/AddUser' is clicked on

2018-01-03 14:32:57 - [MESSAGE][PASSED] - Object: 'Object Repository/GIAP-DC/UserModule/AddUser' is clicked on

2018-01-03 14:32:57 - [TEST_STEP][PASSED] - delay: Delayed 3 second(s)

2018-01-03 14:33:00 - [MESSAGE][PASSED] - Delayed 3 second(s)

2018-01-03 14:33:00 - [TEST_STEP][PASSED] - verifyTextPresent: Text 'Добавление пользователя' is present on page 

2018-01-03 14:33:01 - [MESSAGE][PASSED] - Text 'Добавление пользователя' is present on page 

2018-01-03 14:33:01 - [TEST_STEP][PASSED] - click: Object: 'Object Repository/GIAP-DC/UserModule/CancelButton' is clicked on

2018-01-03 14:33:02 - [MESSAGE][PASSED] - Object: 'Object Repository/GIAP-DC/UserModule/CancelButton' is clicked on

2018-01-03 14:33:02 - [TEST_STEP][PASSED] - delay: Delayed 3 second(s)

2018-01-03 14:33:05 - [MESSAGE][PASSED] - Delayed 3 second(s)

2018-01-03 14:33:05 - [TEST_STEP][PASSED] - click: Object: 'Object Repository/GIAP-DC/UserModule/AddUser' is clicked on

2018-01-03 14:33:05 - [MESSAGE][PASSED] - Object: 'Object Repository/GIAP-DC/UserModule/AddUser' is clicked on

2018-01-03 14:33:05 - [TEST_STEP][PASSED] - click: Object: 'Object Repository/GIAP-DC/UserModule/Add' is clicked on

2018-01-03 14:33:06 - [MESSAGE][PASSED] - Object: 'Object Repository/GIAP-DC/UserModule/Add' is clicked on

2018-01-03 14:33:06 - [TEST_STEP][PASSED] - verifyElementPresent: Object 'Object Repository/GIAP-DC/UserModule/Error' is present

2018-01-03 14:33:06 - [MESSAGE][PASSED] - Object 'Object Repository/GIAP-DC/UserModule/Error' is present

2018-01-03 14:33:06 - [TEST_STEP][PASSED] - closeBrowser: Browser is closed

2018-01-03 14:33:07 - [MESSAGE][PASSED] - Browser is closed]]></system-out>
         <system-err><![CDATA[]]></system-err>
      </testcase>
      <testcase name="Test Cases/UsersModule/Create/Create existing user" classname="Test Cases/UsersModule/Create/Create existing user" status="PASSED">
         <system-out><![CDATA[2018-01-03 14:33:07 - [TEST_CASE][PASSED] - Test Cases/UsersModule/Create/Create existing user: Test Cases/UsersModule/Create/Create existing user

2018-01-03 14:33:07 - [TEST_STEP][PASSED] - callTestCase: Call Test Case 'Test Cases/UsersModule/Enter Users Module' successfully

2018-01-03 14:33:07 - [TEST_CASE][PASSED] - Test Cases/UsersModule/Enter Users Module: Test Cases/UsersModule/Enter Users Module

2018-01-03 14:33:08 - [TEST_STEP][PASSED] - callTestCase: Call Test Case 'Test Cases/Work/Valid login' successfully

2018-01-03 14:33:08 - [TEST_CASE][PASSED] - Test Cases/Work/Valid login: Test Cases/Work/Valid login

2018-01-03 14:33:08 - [TEST_STEP][PASSED] - openBrowser: Browser is opened with url: 'https://system.misnik.by:8484/index.php'

2018-01-03 14:33:12 - [MESSAGE][PASSED] - Browser is opened with url: 'https://system.misnik.by:8484/index.php'

2018-01-03 14:33:12 - [TEST_STEP][PASSED] - verifyTextPresent: Text 'Вход' is present on page 

2018-01-03 14:33:12 - [MESSAGE][PASSED] - Text 'Вход' is present on page 

2018-01-03 14:33:12 - [TEST_STEP][PASSED] - setText: Text 'TaushevIS' is set on object 'Object Repository/GIAP-DC/loginPage/input_username'

2018-01-03 14:33:12 - [MESSAGE][PASSED] - Text 'TaushevIS' is set on object 'Object Repository/GIAP-DC/loginPage/input_username'

2018-01-03 14:33:12 - [TEST_STEP][PASSED] - setText: Text 'tMYPHSIa' is set on object 'Object Repository/GIAP-DC/loginPage/input_password'

2018-01-03 14:33:13 - [MESSAGE][PASSED] - Text 'tMYPHSIa' is set on object 'Object Repository/GIAP-DC/loginPage/input_password'

2018-01-03 14:33:13 - [TEST_STEP][PASSED] - click: Object: 'Object Repository/GIAP-DC/loginPage/loginButton' is clicked on

2018-01-03 14:33:14 - [MESSAGE][PASSED] - Object: 'Object Repository/GIAP-DC/loginPage/loginButton' is clicked on

2018-01-03 14:33:14 - [TEST_STEP][PASSED] - verifyTextPresent: Text 'Главная' is present on page 

2018-01-03 14:33:15 - [MESSAGE][PASSED] - Text 'Главная' is present on page 

2018-01-03 14:33:15 - [MESSAGE][PASSED] - Call Test Case 'Test Cases/Work/Valid login' successfully

2018-01-03 14:33:15 - [TEST_STEP][PASSED] - delay: Delayed 3 second(s)

2018-01-03 14:33:18 - [MESSAGE][PASSED] - Delayed 3 second(s)

2018-01-03 14:33:18 - [TEST_STEP][PASSED] - click: Object: 'Object Repository/GIAP-DC/UserModule/ModuleBlock' is clicked on

2018-01-03 14:33:18 - [MESSAGE][PASSED] - Object: 'Object Repository/GIAP-DC/UserModule/ModuleBlock' is clicked on

2018-01-03 14:33:18 - [TEST_STEP][PASSED] - delay: Delayed 3 second(s)

2018-01-03 14:33:21 - [MESSAGE][PASSED] - Delayed 3 second(s)

2018-01-03 14:33:21 - [TEST_STEP][PASSED] - click: Object: 'Object Repository/GIAP-DC/UserModule/UsersModule' is clicked on

2018-01-03 14:33:23 - [MESSAGE][PASSED] - Object: 'Object Repository/GIAP-DC/UserModule/UsersModule' is clicked on

2018-01-03 14:33:23 - [MESSAGE][PASSED] - Call Test Case 'Test Cases/UsersModule/Enter Users Module' successfully

2018-01-03 14:33:23 - [TEST_STEP][PASSED] - delay: Delayed 3 second(s)

2018-01-03 14:33:26 - [MESSAGE][PASSED] - Delayed 3 second(s)

2018-01-03 14:33:26 - [TEST_STEP][PASSED] - click: Object: 'Object Repository/GIAP-DC/UserModule/AddUser' is clicked on

2018-01-03 14:33:27 - [MESSAGE][PASSED] - Object: 'Object Repository/GIAP-DC/UserModule/AddUser' is clicked on

2018-01-03 14:33:27 - [TEST_STEP][PASSED] - delay: Delayed 3 second(s)

2018-01-03 14:33:30 - [MESSAGE][PASSED] - Delayed 3 second(s)

2018-01-03 14:33:30 - [TEST_STEP][PASSED] - setText: Text 'TaushevIS' is set on object 'Object Repository/GIAP-DC/UserModule/NameUser'

2018-01-03 14:33:31 - [MESSAGE][PASSED] - Text 'TaushevIS' is set on object 'Object Repository/GIAP-DC/UserModule/NameUser'

2018-01-03 14:33:31 - [TEST_STEP][PASSED] - click: Object: 'Object Repository/GIAP-DC/UserModule/Add' is clicked on

2018-01-03 14:33:32 - [MESSAGE][PASSED] - Object: 'Object Repository/GIAP-DC/UserModule/Add' is clicked on

2018-01-03 14:33:32 - [TEST_STEP][PASSED] - delay: Delayed 3 second(s)

2018-01-03 14:33:35 - [MESSAGE][PASSED] - Delayed 3 second(s)

2018-01-03 14:33:35 - [TEST_STEP][PASSED] - verifyElementPresent: Object 'Object Repository/GIAP-DC/UserModule/Error' is present

2018-01-03 14:33:35 - [MESSAGE][PASSED] - Object 'Object Repository/GIAP-DC/UserModule/Error' is present

2018-01-03 14:33:35 - [TEST_STEP][PASSED] - closeBrowser: Browser is closed

2018-01-03 14:33:36 - [MESSAGE][PASSED] - Browser is closed]]></system-out>
         <system-err><![CDATA[]]></system-err>
      </testcase>
      <testcase name="Test Cases/UsersModule/Create/Create Valid User" classname="Test Cases/UsersModule/Create/Create Valid User" status="PASSED">
         <system-out><![CDATA[2018-01-03 14:33:36 - [TEST_CASE][PASSED] - Test Cases/UsersModule/Create/Create Valid User: Test Cases/UsersModule/Create/Create Valid User

2018-01-03 14:33:36 - [TEST_STEP][PASSED] - callTestCase: Call Test Case 'Test Cases/UsersModule/Enter Users Module' successfully

2018-01-03 14:33:36 - [TEST_CASE][PASSED] - Test Cases/UsersModule/Enter Users Module: Test Cases/UsersModule/Enter Users Module

2018-01-03 14:33:37 - [TEST_STEP][PASSED] - callTestCase: Call Test Case 'Test Cases/Work/Valid login' successfully

2018-01-03 14:33:37 - [TEST_CASE][PASSED] - Test Cases/Work/Valid login: Test Cases/Work/Valid login

2018-01-03 14:33:37 - [TEST_STEP][PASSED] - openBrowser: Browser is opened with url: 'https://system.misnik.by:8484/index.php'

2018-01-03 14:33:41 - [MESSAGE][PASSED] - Browser is opened with url: 'https://system.misnik.by:8484/index.php'

2018-01-03 14:33:41 - [TEST_STEP][PASSED] - verifyTextPresent: Text 'Вход' is present on page 

2018-01-03 14:33:41 - [MESSAGE][PASSED] - Text 'Вход' is present on page 

2018-01-03 14:33:41 - [TEST_STEP][PASSED] - setText: Text 'TaushevIS' is set on object 'Object Repository/GIAP-DC/loginPage/input_username'

2018-01-03 14:33:41 - [MESSAGE][PASSED] - Text 'TaushevIS' is set on object 'Object Repository/GIAP-DC/loginPage/input_username'

2018-01-03 14:33:41 - [TEST_STEP][PASSED] - setText: Text 'tMYPHSIa' is set on object 'Object Repository/GIAP-DC/loginPage/input_password'

2018-01-03 14:33:42 - [MESSAGE][PASSED] - Text 'tMYPHSIa' is set on object 'Object Repository/GIAP-DC/loginPage/input_password'

2018-01-03 14:33:42 - [TEST_STEP][PASSED] - click: Object: 'Object Repository/GIAP-DC/loginPage/loginButton' is clicked on

2018-01-03 14:33:44 - [MESSAGE][PASSED] - Object: 'Object Repository/GIAP-DC/loginPage/loginButton' is clicked on

2018-01-03 14:33:44 - [TEST_STEP][PASSED] - verifyTextPresent: Text 'Главная' is present on page 

2018-01-03 14:33:44 - [MESSAGE][PASSED] - Text 'Главная' is present on page 

2018-01-03 14:33:44 - [MESSAGE][PASSED] - Call Test Case 'Test Cases/Work/Valid login' successfully

2018-01-03 14:33:44 - [TEST_STEP][PASSED] - delay: Delayed 3 second(s)

2018-01-03 14:33:47 - [MESSAGE][PASSED] - Delayed 3 second(s)

2018-01-03 14:33:47 - [TEST_STEP][PASSED] - click: Object: 'Object Repository/GIAP-DC/UserModule/ModuleBlock' is clicked on

2018-01-03 14:33:47 - [MESSAGE][PASSED] - Object: 'Object Repository/GIAP-DC/UserModule/ModuleBlock' is clicked on

2018-01-03 14:33:47 - [TEST_STEP][PASSED] - delay: Delayed 3 second(s)

2018-01-03 14:33:50 - [MESSAGE][PASSED] - Delayed 3 second(s)

2018-01-03 14:33:50 - [TEST_STEP][PASSED] - click: Object: 'Object Repository/GIAP-DC/UserModule/UsersModule' is clicked on

2018-01-03 14:33:53 - [MESSAGE][PASSED] - Object: 'Object Repository/GIAP-DC/UserModule/UsersModule' is clicked on

2018-01-03 14:33:53 - [MESSAGE][PASSED] - Call Test Case 'Test Cases/UsersModule/Enter Users Module' successfully

2018-01-03 14:33:53 - [TEST_STEP][PASSED] - delay: Delayed 3 second(s)

2018-01-03 14:33:56 - [MESSAGE][PASSED] - Delayed 3 second(s)

2018-01-03 14:33:56 - [TEST_STEP][PASSED] - click: Object: 'Object Repository/GIAP-DC/UserModule/AddUser' is clicked on

2018-01-03 14:33:56 - [MESSAGE][PASSED] - Object: 'Object Repository/GIAP-DC/UserModule/AddUser' is clicked on

2018-01-03 14:33:56 - [TEST_STEP][PASSED] - delay: Delayed 3 second(s)

2018-01-03 14:33:59 - [MESSAGE][PASSED] - Delayed 3 second(s)

2018-01-03 14:33:59 - [TEST_STEP][PASSED] - setText: Text 'Test101010' is set on object 'Object Repository/GIAP-DC/UserModule/NameUser'

2018-01-03 14:34:00 - [MESSAGE][PASSED] - Text 'Test101010' is set on object 'Object Repository/GIAP-DC/UserModule/NameUser'

2018-01-03 14:34:00 - [TEST_STEP][PASSED] - click: Object: 'Object Repository/GIAP-DC/UserModule/Add' is clicked on

2018-01-03 14:34:00 - [MESSAGE][PASSED] - Object: 'Object Repository/GIAP-DC/UserModule/Add' is clicked on

2018-01-03 14:34:00 - [TEST_STEP][PASSED] - delay: Delayed 3 second(s)

2018-01-03 14:34:03 - [MESSAGE][PASSED] - Delayed 3 second(s)

2018-01-03 14:34:03 - [TEST_STEP][NOT_RUN] - verifyTextPresent: NOT_RUN: verifyTextPresent

2018-01-03 14:34:03 - [MESSAGE][NOT_RUN] - NOT_RUN: verifyTextPresent

2018-01-03 14:34:03 - [TEST_STEP][NOT_RUN] - delay: NOT_RUN: delay

2018-01-03 14:34:03 - [MESSAGE][NOT_RUN] - NOT_RUN: delay

2018-01-03 14:34:03 - [TEST_STEP][PASSED] - closeBrowser: Browser is closed

2018-01-03 14:34:04 - [MESSAGE][PASSED] - Browser is closed]]></system-out>
         <system-err><![CDATA[]]></system-err>
      </testcase>
      <testcase name="Test Cases/UsersModule/Edit/Delete name" classname="Test Cases/UsersModule/Edit/Delete name" status="PASSED">
         <system-out><![CDATA[2018-01-03 14:34:04 - [TEST_CASE][PASSED] - Test Cases/UsersModule/Edit/Delete name: Test Cases/UsersModule/Edit/Delete name

2018-01-03 14:34:04 - [TEST_STEP][PASSED] - callTestCase: Call Test Case 'Test Cases/UsersModule/Enter Users Module' successfully

2018-01-03 14:34:04 - [TEST_CASE][PASSED] - Test Cases/UsersModule/Enter Users Module: Test Cases/UsersModule/Enter Users Module

2018-01-03 14:34:04 - [TEST_STEP][PASSED] - callTestCase: Call Test Case 'Test Cases/Work/Valid login' successfully

2018-01-03 14:34:04 - [TEST_CASE][PASSED] - Test Cases/Work/Valid login: Test Cases/Work/Valid login

2018-01-03 14:34:04 - [TEST_STEP][PASSED] - openBrowser: Browser is opened with url: 'https://system.misnik.by:8484/index.php'

2018-01-03 14:34:08 - [MESSAGE][PASSED] - Browser is opened with url: 'https://system.misnik.by:8484/index.php'

2018-01-03 14:34:08 - [TEST_STEP][PASSED] - verifyTextPresent: Text 'Вход' is present on page 

2018-01-03 14:34:08 - [MESSAGE][PASSED] - Text 'Вход' is present on page 

2018-01-03 14:34:08 - [TEST_STEP][PASSED] - setText: Text 'TaushevIS' is set on object 'Object Repository/GIAP-DC/loginPage/input_username'

2018-01-03 14:34:08 - [MESSAGE][PASSED] - Text 'TaushevIS' is set on object 'Object Repository/GIAP-DC/loginPage/input_username'

2018-01-03 14:34:08 - [TEST_STEP][PASSED] - setText: Text 'tMYPHSIa' is set on object 'Object Repository/GIAP-DC/loginPage/input_password'

2018-01-03 14:34:08 - [MESSAGE][PASSED] - Text 'tMYPHSIa' is set on object 'Object Repository/GIAP-DC/loginPage/input_password'

2018-01-03 14:34:08 - [TEST_STEP][PASSED] - click: Object: 'Object Repository/GIAP-DC/loginPage/loginButton' is clicked on

2018-01-03 14:34:13 - [MESSAGE][PASSED] - Object: 'Object Repository/GIAP-DC/loginPage/loginButton' is clicked on

2018-01-03 14:34:13 - [TEST_STEP][PASSED] - verifyTextPresent: Text 'Главная' is present on page 

2018-01-03 14:34:13 - [MESSAGE][PASSED] - Text 'Главная' is present on page 

2018-01-03 14:34:13 - [MESSAGE][PASSED] - Call Test Case 'Test Cases/Work/Valid login' successfully

2018-01-03 14:34:13 - [TEST_STEP][PASSED] - delay: Delayed 3 second(s)

2018-01-03 14:34:16 - [MESSAGE][PASSED] - Delayed 3 second(s)

2018-01-03 14:34:16 - [TEST_STEP][PASSED] - click: Object: 'Object Repository/GIAP-DC/UserModule/ModuleBlock' is clicked on

2018-01-03 14:34:16 - [MESSAGE][PASSED] - Object: 'Object Repository/GIAP-DC/UserModule/ModuleBlock' is clicked on

2018-01-03 14:34:16 - [TEST_STEP][PASSED] - delay: Delayed 3 second(s)

2018-01-03 14:34:19 - [MESSAGE][PASSED] - Delayed 3 second(s)

2018-01-03 14:34:19 - [TEST_STEP][PASSED] - click: Object: 'Object Repository/GIAP-DC/UserModule/UsersModule' is clicked on

2018-01-03 14:34:21 - [MESSAGE][PASSED] - Object: 'Object Repository/GIAP-DC/UserModule/UsersModule' is clicked on

2018-01-03 14:34:21 - [MESSAGE][PASSED] - Call Test Case 'Test Cases/UsersModule/Enter Users Module' successfully

2018-01-03 14:34:21 - [TEST_STEP][PASSED] - delay: Delayed 3 second(s)

2018-01-03 14:34:24 - [MESSAGE][PASSED] - Delayed 3 second(s)

2018-01-03 14:34:24 - [TEST_STEP][PASSED] - setText: Text 'Test101010' is set on object 'Object Repository/GIAP-DC/UserModule/search_user'

2018-01-03 14:34:25 - [MESSAGE][PASSED] - Text 'Test101010' is set on object 'Object Repository/GIAP-DC/UserModule/search_user'

2018-01-03 14:34:25 - [TEST_STEP][PASSED] - click: Object: 'Object Repository/GIAP-DC/UserModule/EditUserButton' is clicked on

2018-01-03 14:34:25 - [MESSAGE][PASSED] - Object: 'Object Repository/GIAP-DC/UserModule/EditUserButton' is clicked on

2018-01-03 14:34:25 - [TEST_STEP][PASSED] - verifyTextPresent: Text 'Редактирование пользователя' is present on page 

2018-01-03 14:34:25 - [MESSAGE][PASSED] - Text 'Редактирование пользователя' is present on page 

2018-01-03 14:34:25 - [TEST_STEP][PASSED] - delay: Delayed 3 second(s)

2018-01-03 14:34:28 - [MESSAGE][PASSED] - Delayed 3 second(s)

2018-01-03 14:34:28 - [TEST_STEP][PASSED] - setText: Text '' is set on object 'Object Repository/GIAP-DC/UserModule/input_0_1'

2018-01-03 14:34:29 - [MESSAGE][PASSED] - Text '' is set on object 'Object Repository/GIAP-DC/UserModule/input_0_1'

2018-01-03 14:34:29 - [TEST_STEP][PASSED] - click: Object: 'Object Repository/GIAP-DC/UserModule/SaveButton' is clicked on

2018-01-03 14:34:29 - [MESSAGE][PASSED] - Object: 'Object Repository/GIAP-DC/UserModule/SaveButton' is clicked on

2018-01-03 14:34:29 - [TEST_STEP][PASSED] - verifyElementPresent: Object 'Object Repository/GIAP-DC/UserModule/Error' is present

2018-01-03 14:34:29 - [MESSAGE][PASSED] - Object 'Object Repository/GIAP-DC/UserModule/Error' is present

2018-01-03 14:34:29 - [TEST_STEP][PASSED] - delay: Delayed 3 second(s)

2018-01-03 14:34:32 - [MESSAGE][PASSED] - Delayed 3 second(s)

2018-01-03 14:34:32 - [TEST_STEP][PASSED] - closeBrowser: Browser is closed

2018-01-03 14:34:33 - [MESSAGE][PASSED] - Browser is closed]]></system-out>
         <system-err><![CDATA[]]></system-err>
      </testcase>
      <testcase name="Test Cases/UsersModule/Edit/Change password" classname="Test Cases/UsersModule/Edit/Change password" status="PASSED">
         <system-out><![CDATA[2018-01-03 14:34:33 - [TEST_CASE][PASSED] - Test Cases/UsersModule/Edit/Change password: Test Cases/UsersModule/Edit/Change password

2018-01-03 14:34:33 - [TEST_STEP][PASSED] - callTestCase: Call Test Case 'Test Cases/UsersModule/Enter Users Module' successfully

2018-01-03 14:34:33 - [TEST_CASE][PASSED] - Test Cases/UsersModule/Enter Users Module: Test Cases/UsersModule/Enter Users Module

2018-01-03 14:34:33 - [TEST_STEP][PASSED] - callTestCase: Call Test Case 'Test Cases/Work/Valid login' successfully

2018-01-03 14:34:33 - [TEST_CASE][PASSED] - Test Cases/Work/Valid login: Test Cases/Work/Valid login

2018-01-03 14:34:33 - [TEST_STEP][PASSED] - openBrowser: Browser is opened with url: 'https://system.misnik.by:8484/index.php'

2018-01-03 14:34:37 - [MESSAGE][PASSED] - Browser is opened with url: 'https://system.misnik.by:8484/index.php'

2018-01-03 14:34:37 - [TEST_STEP][PASSED] - verifyTextPresent: Text 'Вход' is present on page 

2018-01-03 14:34:37 - [MESSAGE][PASSED] - Text 'Вход' is present on page 

2018-01-03 14:34:37 - [TEST_STEP][PASSED] - setText: Text 'TaushevIS' is set on object 'Object Repository/GIAP-DC/loginPage/input_username'

2018-01-03 14:34:37 - [MESSAGE][PASSED] - Text 'TaushevIS' is set on object 'Object Repository/GIAP-DC/loginPage/input_username'

2018-01-03 14:34:37 - [TEST_STEP][PASSED] - setText: Text 'tMYPHSIa' is set on object 'Object Repository/GIAP-DC/loginPage/input_password'

2018-01-03 14:34:38 - [MESSAGE][PASSED] - Text 'tMYPHSIa' is set on object 'Object Repository/GIAP-DC/loginPage/input_password'

2018-01-03 14:34:38 - [TEST_STEP][PASSED] - click: Object: 'Object Repository/GIAP-DC/loginPage/loginButton' is clicked on

2018-01-03 14:34:40 - [MESSAGE][PASSED] - Object: 'Object Repository/GIAP-DC/loginPage/loginButton' is clicked on

2018-01-03 14:34:40 - [TEST_STEP][PASSED] - verifyTextPresent: Text 'Главная' is present on page 

2018-01-03 14:34:40 - [MESSAGE][PASSED] - Text 'Главная' is present on page 

2018-01-03 14:34:40 - [MESSAGE][PASSED] - Call Test Case 'Test Cases/Work/Valid login' successfully

2018-01-03 14:34:40 - [TEST_STEP][PASSED] - delay: Delayed 3 second(s)

2018-01-03 14:34:43 - [MESSAGE][PASSED] - Delayed 3 second(s)

2018-01-03 14:34:43 - [TEST_STEP][PASSED] - click: Object: 'Object Repository/GIAP-DC/UserModule/ModuleBlock' is clicked on

2018-01-03 14:34:44 - [MESSAGE][PASSED] - Object: 'Object Repository/GIAP-DC/UserModule/ModuleBlock' is clicked on

2018-01-03 14:34:44 - [TEST_STEP][PASSED] - delay: Delayed 3 second(s)

2018-01-03 14:34:47 - [MESSAGE][PASSED] - Delayed 3 second(s)

2018-01-03 14:34:47 - [TEST_STEP][PASSED] - click: Object: 'Object Repository/GIAP-DC/UserModule/UsersModule' is clicked on

2018-01-03 14:34:49 - [MESSAGE][PASSED] - Object: 'Object Repository/GIAP-DC/UserModule/UsersModule' is clicked on

2018-01-03 14:34:49 - [MESSAGE][PASSED] - Call Test Case 'Test Cases/UsersModule/Enter Users Module' successfully

2018-01-03 14:34:49 - [TEST_STEP][PASSED] - delay: Delayed 3 second(s)

2018-01-03 14:34:52 - [MESSAGE][PASSED] - Delayed 3 second(s)

2018-01-03 14:34:52 - [TEST_STEP][PASSED] - setText: Text 'Test101010' is set on object 'Object Repository/GIAP-DC/UserModule/search_user'

2018-01-03 14:34:52 - [MESSAGE][PASSED] - Text 'Test101010' is set on object 'Object Repository/GIAP-DC/UserModule/search_user'

2018-01-03 14:34:53 - [TEST_STEP][PASSED] - click: Object: 'Object Repository/GIAP-DC/UserModule/EditUserButton' is clicked on

2018-01-03 14:34:53 - [MESSAGE][PASSED] - Object: 'Object Repository/GIAP-DC/UserModule/EditUserButton' is clicked on

2018-01-03 14:34:53 - [TEST_STEP][PASSED] - verifyTextPresent: Text 'Редактирование пользователя' is present on page 

2018-01-03 14:34:53 - [MESSAGE][PASSED] - Text 'Редактирование пользователя' is present on page 

2018-01-03 14:34:53 - [TEST_STEP][PASSED] - delay: Delayed 3 second(s)

2018-01-03 14:34:56 - [MESSAGE][PASSED] - Delayed 3 second(s)

2018-01-03 14:34:56 - [TEST_STEP][PASSED] - click: Object: 'Object Repository/GIAP-DC/UserModule/button_generate-pwd' is clicked on

2018-01-03 14:34:56 - [MESSAGE][PASSED] - Object: 'Object Repository/GIAP-DC/UserModule/button_generate-pwd' is clicked on

2018-01-03 14:34:56 - [TEST_STEP][PASSED] - click: Object: 'Object Repository/GIAP-DC/UserModule/SaveButton' is clicked on

2018-01-03 14:34:57 - [MESSAGE][PASSED] - Object: 'Object Repository/GIAP-DC/UserModule/SaveButton' is clicked on

2018-01-03 14:34:57 - [TEST_STEP][NOT_RUN] - verifyElementPresent: NOT_RUN: verifyElementPresent

2018-01-03 14:34:57 - [MESSAGE][NOT_RUN] - NOT_RUN: verifyElementPresent

2018-01-03 14:34:57 - [TEST_STEP][PASSED] - delay: Delayed 3 second(s)

2018-01-03 14:35:00 - [MESSAGE][PASSED] - Delayed 3 second(s)

2018-01-03 14:35:00 - [TEST_STEP][PASSED] - closeBrowser: Browser is closed

2018-01-03 14:35:00 - [MESSAGE][PASSED] - Browser is closed]]></system-out>
         <system-err><![CDATA[]]></system-err>
      </testcase>
      <testcase name="Test Cases/UsersModule/Edit/Change name" classname="Test Cases/UsersModule/Edit/Change name" status="PASSED">
         <system-out><![CDATA[2018-01-03 14:35:00 - [TEST_CASE][PASSED] - Test Cases/UsersModule/Edit/Change name: Test Cases/UsersModule/Edit/Change name

2018-01-03 14:35:01 - [TEST_STEP][PASSED] - callTestCase: Call Test Case 'Test Cases/UsersModule/Enter Users Module' successfully

2018-01-03 14:35:01 - [TEST_CASE][PASSED] - Test Cases/UsersModule/Enter Users Module: Test Cases/UsersModule/Enter Users Module

2018-01-03 14:35:01 - [TEST_STEP][PASSED] - callTestCase: Call Test Case 'Test Cases/Work/Valid login' successfully

2018-01-03 14:35:01 - [TEST_CASE][PASSED] - Test Cases/Work/Valid login: Test Cases/Work/Valid login

2018-01-03 14:35:01 - [TEST_STEP][PASSED] - openBrowser: Browser is opened with url: 'https://system.misnik.by:8484/index.php'

2018-01-03 14:35:05 - [MESSAGE][PASSED] - Browser is opened with url: 'https://system.misnik.by:8484/index.php'

2018-01-03 14:35:05 - [TEST_STEP][PASSED] - verifyTextPresent: Text 'Вход' is present on page 

2018-01-03 14:35:05 - [MESSAGE][PASSED] - Text 'Вход' is present on page 

2018-01-03 14:35:05 - [TEST_STEP][PASSED] - setText: Text 'TaushevIS' is set on object 'Object Repository/GIAP-DC/loginPage/input_username'

2018-01-03 14:35:05 - [MESSAGE][PASSED] - Text 'TaushevIS' is set on object 'Object Repository/GIAP-DC/loginPage/input_username'

2018-01-03 14:35:05 - [TEST_STEP][PASSED] - setText: Text 'tMYPHSIa' is set on object 'Object Repository/GIAP-DC/loginPage/input_password'

2018-01-03 14:35:06 - [MESSAGE][PASSED] - Text 'tMYPHSIa' is set on object 'Object Repository/GIAP-DC/loginPage/input_password'

2018-01-03 14:35:06 - [TEST_STEP][PASSED] - click: Object: 'Object Repository/GIAP-DC/loginPage/loginButton' is clicked on

2018-01-03 14:35:08 - [MESSAGE][PASSED] - Object: 'Object Repository/GIAP-DC/loginPage/loginButton' is clicked on

2018-01-03 14:35:08 - [TEST_STEP][PASSED] - verifyTextPresent: Text 'Главная' is present on page 

2018-01-03 14:35:08 - [MESSAGE][PASSED] - Text 'Главная' is present on page 

2018-01-03 14:35:08 - [MESSAGE][PASSED] - Call Test Case 'Test Cases/Work/Valid login' successfully

2018-01-03 14:35:08 - [TEST_STEP][PASSED] - delay: Delayed 3 second(s)

2018-01-03 14:35:11 - [MESSAGE][PASSED] - Delayed 3 second(s)

2018-01-03 14:35:11 - [TEST_STEP][PASSED] - click: Object: 'Object Repository/GIAP-DC/UserModule/ModuleBlock' is clicked on

2018-01-03 14:35:11 - [MESSAGE][PASSED] - Object: 'Object Repository/GIAP-DC/UserModule/ModuleBlock' is clicked on

2018-01-03 14:35:11 - [TEST_STEP][PASSED] - delay: Delayed 3 second(s)

2018-01-03 14:35:14 - [MESSAGE][PASSED] - Delayed 3 second(s)

2018-01-03 14:35:14 - [TEST_STEP][PASSED] - click: Object: 'Object Repository/GIAP-DC/UserModule/UsersModule' is clicked on

2018-01-03 14:35:16 - [MESSAGE][PASSED] - Object: 'Object Repository/GIAP-DC/UserModule/UsersModule' is clicked on

2018-01-03 14:35:16 - [MESSAGE][PASSED] - Call Test Case 'Test Cases/UsersModule/Enter Users Module' successfully

2018-01-03 14:35:16 - [TEST_STEP][PASSED] - delay: Delayed 3 second(s)

2018-01-03 14:35:19 - [MESSAGE][PASSED] - Delayed 3 second(s)

2018-01-03 14:35:19 - [TEST_STEP][PASSED] - setText: Text 'Test101010' is set on object 'Object Repository/GIAP-DC/UserModule/search_user'

2018-01-03 14:35:20 - [MESSAGE][PASSED] - Text 'Test101010' is set on object 'Object Repository/GIAP-DC/UserModule/search_user'

2018-01-03 14:35:20 - [TEST_STEP][PASSED] - click: Object: 'Object Repository/GIAP-DC/UserModule/EditUserButton' is clicked on

2018-01-03 14:35:20 - [MESSAGE][PASSED] - Object: 'Object Repository/GIAP-DC/UserModule/EditUserButton' is clicked on

2018-01-03 14:35:20 - [TEST_STEP][PASSED] - verifyTextPresent: Text 'Редактирование пользователя' is present on page 

2018-01-03 14:35:20 - [MESSAGE][PASSED] - Text 'Редактирование пользователя' is present on page 

2018-01-03 14:35:20 - [TEST_STEP][PASSED] - delay: Delayed 3 second(s)

2018-01-03 14:35:23 - [MESSAGE][PASSED] - Delayed 3 second(s)

2018-01-03 14:35:23 - [TEST_STEP][PASSED] - setText: Text 'Test1010' is set on object 'Object Repository/GIAP-DC/UserModule/input_0_1'

2018-01-03 14:35:23 - [MESSAGE][PASSED] - Text 'Test1010' is set on object 'Object Repository/GIAP-DC/UserModule/input_0_1'

2018-01-03 14:35:23 - [TEST_STEP][PASSED] - click: Object: 'Object Repository/GIAP-DC/UserModule/SaveButton' is clicked on

2018-01-03 14:35:24 - [MESSAGE][PASSED] - Object: 'Object Repository/GIAP-DC/UserModule/SaveButton' is clicked on

2018-01-03 14:35:24 - [TEST_STEP][NOT_RUN] - verifyElementPresent: NOT_RUN: verifyElementPresent

2018-01-03 14:35:24 - [MESSAGE][NOT_RUN] - NOT_RUN: verifyElementPresent

2018-01-03 14:35:24 - [TEST_STEP][PASSED] - closeBrowser: Browser is closed

2018-01-03 14:35:24 - [MESSAGE][PASSED] - Browser is closed]]></system-out>
         <system-err><![CDATA[]]></system-err>
      </testcase>
      <testcase name="Test Cases/UsersModule/Search/Search not existing user" classname="Test Cases/UsersModule/Search/Search not existing user" status="PASSED">
         <system-out><![CDATA[2018-01-03 14:35:24 - [TEST_CASE][PASSED] - Test Cases/UsersModule/Search/Search not existing user: Test Cases/UsersModule/Search/Search not existing user

2018-01-03 14:35:25 - [TEST_STEP][PASSED] - callTestCase: Call Test Case 'Test Cases/UsersModule/Enter Users Module' successfully

2018-01-03 14:35:25 - [TEST_CASE][PASSED] - Test Cases/UsersModule/Enter Users Module: Test Cases/UsersModule/Enter Users Module

2018-01-03 14:35:25 - [TEST_STEP][PASSED] - callTestCase: Call Test Case 'Test Cases/Work/Valid login' successfully

2018-01-03 14:35:25 - [TEST_CASE][PASSED] - Test Cases/Work/Valid login: Test Cases/Work/Valid login

2018-01-03 14:35:25 - [TEST_STEP][PASSED] - openBrowser: Browser is opened with url: 'https://system.misnik.by:8484/index.php'

2018-01-03 14:35:28 - [MESSAGE][PASSED] - Browser is opened with url: 'https://system.misnik.by:8484/index.php'

2018-01-03 14:35:28 - [TEST_STEP][PASSED] - verifyTextPresent: Text 'Вход' is present on page 

2018-01-03 14:35:28 - [MESSAGE][PASSED] - Text 'Вход' is present on page 

2018-01-03 14:35:28 - [TEST_STEP][PASSED] - setText: Text 'TaushevIS' is set on object 'Object Repository/GIAP-DC/loginPage/input_username'

2018-01-03 14:35:28 - [MESSAGE][PASSED] - Text 'TaushevIS' is set on object 'Object Repository/GIAP-DC/loginPage/input_username'

2018-01-03 14:35:28 - [TEST_STEP][PASSED] - setText: Text 'tMYPHSIa' is set on object 'Object Repository/GIAP-DC/loginPage/input_password'

2018-01-03 14:35:28 - [MESSAGE][PASSED] - Text 'tMYPHSIa' is set on object 'Object Repository/GIAP-DC/loginPage/input_password'

2018-01-03 14:35:28 - [TEST_STEP][PASSED] - click: Object: 'Object Repository/GIAP-DC/loginPage/loginButton' is clicked on

2018-01-03 14:35:30 - [MESSAGE][PASSED] - Object: 'Object Repository/GIAP-DC/loginPage/loginButton' is clicked on

2018-01-03 14:35:30 - [TEST_STEP][PASSED] - verifyTextPresent: Text 'Главная' is present on page 

2018-01-03 14:35:31 - [MESSAGE][PASSED] - Text 'Главная' is present on page 

2018-01-03 14:35:31 - [MESSAGE][PASSED] - Call Test Case 'Test Cases/Work/Valid login' successfully

2018-01-03 14:35:31 - [TEST_STEP][PASSED] - delay: Delayed 3 second(s)

2018-01-03 14:35:34 - [MESSAGE][PASSED] - Delayed 3 second(s)

2018-01-03 14:35:34 - [TEST_STEP][PASSED] - click: Object: 'Object Repository/GIAP-DC/UserModule/ModuleBlock' is clicked on

2018-01-03 14:35:34 - [MESSAGE][PASSED] - Object: 'Object Repository/GIAP-DC/UserModule/ModuleBlock' is clicked on

2018-01-03 14:35:34 - [TEST_STEP][PASSED] - delay: Delayed 3 second(s)

2018-01-03 14:35:37 - [MESSAGE][PASSED] - Delayed 3 second(s)

2018-01-03 14:35:37 - [TEST_STEP][PASSED] - click: Object: 'Object Repository/GIAP-DC/UserModule/UsersModule' is clicked on

2018-01-03 14:35:39 - [MESSAGE][PASSED] - Object: 'Object Repository/GIAP-DC/UserModule/UsersModule' is clicked on

2018-01-03 14:35:39 - [MESSAGE][PASSED] - Call Test Case 'Test Cases/UsersModule/Enter Users Module' successfully

2018-01-03 14:35:39 - [TEST_STEP][PASSED] - setText: Text 'test10101010' is set on object 'Object Repository/GIAP-DC/UserModule/search_user'

2018-01-03 14:35:40 - [MESSAGE][PASSED] - Text 'test10101010' is set on object 'Object Repository/GIAP-DC/UserModule/search_user'

2018-01-03 14:35:40 - [TEST_STEP][PASSED] - verifyTextPresent: Text 'Ничего не найдено' is present on page 

2018-01-03 14:35:40 - [MESSAGE][PASSED] - Text 'Ничего не найдено' is present on page 

2018-01-03 14:35:40 - [TEST_STEP][PASSED] - delay: Delayed 3 second(s)

2018-01-03 14:35:43 - [MESSAGE][PASSED] - Delayed 3 second(s)

2018-01-03 14:35:43 - [TEST_STEP][PASSED] - closeBrowser: Browser is closed

2018-01-03 14:35:43 - [MESSAGE][PASSED] - Browser is closed]]></system-out>
         <system-err><![CDATA[]]></system-err>
      </testcase>
      <testcase name="Test Cases/UsersModule/Search/Search user" classname="Test Cases/UsersModule/Search/Search user" status="PASSED">
         <system-out><![CDATA[2018-01-03 14:35:44 - [TEST_CASE][PASSED] - Test Cases/UsersModule/Search/Search user: Test Cases/UsersModule/Search/Search user

2018-01-03 14:35:44 - [TEST_STEP][PASSED] - callTestCase: Call Test Case 'Test Cases/UsersModule/Enter Users Module' successfully

2018-01-03 14:35:44 - [TEST_CASE][PASSED] - Test Cases/UsersModule/Enter Users Module: Test Cases/UsersModule/Enter Users Module

2018-01-03 14:35:44 - [TEST_STEP][PASSED] - callTestCase: Call Test Case 'Test Cases/Work/Valid login' successfully

2018-01-03 14:35:44 - [TEST_CASE][PASSED] - Test Cases/Work/Valid login: Test Cases/Work/Valid login

2018-01-03 14:35:44 - [TEST_STEP][PASSED] - openBrowser: Browser is opened with url: 'https://system.misnik.by:8484/index.php'

2018-01-03 14:35:47 - [MESSAGE][PASSED] - Browser is opened with url: 'https://system.misnik.by:8484/index.php'

2018-01-03 14:35:47 - [TEST_STEP][PASSED] - verifyTextPresent: Text 'Вход' is present on page 

2018-01-03 14:35:47 - [MESSAGE][PASSED] - Text 'Вход' is present on page 

2018-01-03 14:35:47 - [TEST_STEP][PASSED] - setText: Text 'TaushevIS' is set on object 'Object Repository/GIAP-DC/loginPage/input_username'

2018-01-03 14:35:47 - [MESSAGE][PASSED] - Text 'TaushevIS' is set on object 'Object Repository/GIAP-DC/loginPage/input_username'

2018-01-03 14:35:47 - [TEST_STEP][PASSED] - setText: Text 'tMYPHSIa' is set on object 'Object Repository/GIAP-DC/loginPage/input_password'

2018-01-03 14:35:48 - [MESSAGE][PASSED] - Text 'tMYPHSIa' is set on object 'Object Repository/GIAP-DC/loginPage/input_password'

2018-01-03 14:35:48 - [TEST_STEP][PASSED] - click: Object: 'Object Repository/GIAP-DC/loginPage/loginButton' is clicked on

2018-01-03 14:35:49 - [MESSAGE][PASSED] - Object: 'Object Repository/GIAP-DC/loginPage/loginButton' is clicked on

2018-01-03 14:35:49 - [TEST_STEP][PASSED] - verifyTextPresent: Text 'Главная' is present on page 

2018-01-03 14:35:50 - [MESSAGE][PASSED] - Text 'Главная' is present on page 

2018-01-03 14:35:50 - [MESSAGE][PASSED] - Call Test Case 'Test Cases/Work/Valid login' successfully

2018-01-03 14:35:50 - [TEST_STEP][PASSED] - delay: Delayed 3 second(s)

2018-01-03 14:35:53 - [MESSAGE][PASSED] - Delayed 3 second(s)

2018-01-03 14:35:53 - [TEST_STEP][PASSED] - click: Object: 'Object Repository/GIAP-DC/UserModule/ModuleBlock' is clicked on

2018-01-03 14:35:53 - [MESSAGE][PASSED] - Object: 'Object Repository/GIAP-DC/UserModule/ModuleBlock' is clicked on

2018-01-03 14:35:53 - [TEST_STEP][PASSED] - delay: Delayed 3 second(s)

2018-01-03 14:35:56 - [MESSAGE][PASSED] - Delayed 3 second(s)

2018-01-03 14:35:56 - [TEST_STEP][PASSED] - click: Object: 'Object Repository/GIAP-DC/UserModule/UsersModule' is clicked on

2018-01-03 14:35:58 - [MESSAGE][PASSED] - Object: 'Object Repository/GIAP-DC/UserModule/UsersModule' is clicked on

2018-01-03 14:35:58 - [MESSAGE][PASSED] - Call Test Case 'Test Cases/UsersModule/Enter Users Module' successfully

2018-01-03 14:35:58 - [TEST_STEP][PASSED] - delay: Delayed 3 second(s)

2018-01-03 14:36:01 - [MESSAGE][PASSED] - Delayed 3 second(s)

2018-01-03 14:36:01 - [TEST_STEP][PASSED] - setText: Text 'Test1010' is set on object 'Object Repository/GIAP-DC/UserModule/search_user'

2018-01-03 14:36:02 - [MESSAGE][PASSED] - Text 'Test1010' is set on object 'Object Repository/GIAP-DC/UserModule/search_user'

2018-01-03 14:36:02 - [TEST_STEP][PASSED] - delay: Delayed 3 second(s)

2018-01-03 14:36:05 - [MESSAGE][PASSED] - Delayed 3 second(s)

2018-01-03 14:36:05 - [TEST_STEP][NOT_RUN] - click: NOT_RUN: click

2018-01-03 14:36:05 - [MESSAGE][NOT_RUN] - NOT_RUN: click

2018-01-03 14:36:05 - [TEST_STEP][PASSED] - delay: Delayed 3 second(s)

2018-01-03 14:36:08 - [MESSAGE][PASSED] - Delayed 3 second(s)

2018-01-03 14:36:08 - [TEST_STEP][PASSED] - closeBrowser: Browser is closed

2018-01-03 14:36:08 - [MESSAGE][PASSED] - Browser is closed]]></system-out>
         <system-err><![CDATA[]]></system-err>
      </testcase>
      <testcase name="Test Cases/UsersModule/Block/Block User" classname="Test Cases/UsersModule/Block/Block User" status="PASSED">
         <system-out><![CDATA[2018-01-03 14:36:08 - [TEST_CASE][PASSED] - Test Cases/UsersModule/Block/Block User: Test Cases/UsersModule/Block/Block User

2018-01-03 14:36:09 - [TEST_STEP][PASSED] - callTestCase: Call Test Case 'Test Cases/UsersModule/Enter Users Module' successfully

2018-01-03 14:36:09 - [TEST_CASE][PASSED] - Test Cases/UsersModule/Enter Users Module: Test Cases/UsersModule/Enter Users Module

2018-01-03 14:36:09 - [TEST_STEP][PASSED] - callTestCase: Call Test Case 'Test Cases/Work/Valid login' successfully

2018-01-03 14:36:09 - [TEST_CASE][PASSED] - Test Cases/Work/Valid login: Test Cases/Work/Valid login

2018-01-03 14:36:09 - [TEST_STEP][PASSED] - openBrowser: Browser is opened with url: 'https://system.misnik.by:8484/index.php'

2018-01-03 14:36:12 - [MESSAGE][PASSED] - Browser is opened with url: 'https://system.misnik.by:8484/index.php'

2018-01-03 14:36:12 - [TEST_STEP][PASSED] - verifyTextPresent: Text 'Вход' is present on page 

2018-01-03 14:36:12 - [MESSAGE][PASSED] - Text 'Вход' is present on page 

2018-01-03 14:36:12 - [TEST_STEP][PASSED] - setText: Text 'TaushevIS' is set on object 'Object Repository/GIAP-DC/loginPage/input_username'

2018-01-03 14:36:12 - [MESSAGE][PASSED] - Text 'TaushevIS' is set on object 'Object Repository/GIAP-DC/loginPage/input_username'

2018-01-03 14:36:12 - [TEST_STEP][PASSED] - setText: Text 'tMYPHSIa' is set on object 'Object Repository/GIAP-DC/loginPage/input_password'

2018-01-03 14:36:13 - [MESSAGE][PASSED] - Text 'tMYPHSIa' is set on object 'Object Repository/GIAP-DC/loginPage/input_password'

2018-01-03 14:36:13 - [TEST_STEP][PASSED] - click: Object: 'Object Repository/GIAP-DC/loginPage/loginButton' is clicked on

2018-01-03 14:36:17 - [MESSAGE][PASSED] - Object: 'Object Repository/GIAP-DC/loginPage/loginButton' is clicked on

2018-01-03 14:36:17 - [TEST_STEP][PASSED] - verifyTextPresent: Text 'Главная' is present on page 

2018-01-03 14:36:17 - [MESSAGE][PASSED] - Text 'Главная' is present on page 

2018-01-03 14:36:17 - [MESSAGE][PASSED] - Call Test Case 'Test Cases/Work/Valid login' successfully

2018-01-03 14:36:17 - [TEST_STEP][PASSED] - delay: Delayed 3 second(s)

2018-01-03 14:36:20 - [MESSAGE][PASSED] - Delayed 3 second(s)

2018-01-03 14:36:20 - [TEST_STEP][PASSED] - click: Object: 'Object Repository/GIAP-DC/UserModule/ModuleBlock' is clicked on

2018-01-03 14:36:20 - [MESSAGE][PASSED] - Object: 'Object Repository/GIAP-DC/UserModule/ModuleBlock' is clicked on

2018-01-03 14:36:20 - [TEST_STEP][PASSED] - delay: Delayed 3 second(s)

2018-01-03 14:36:23 - [MESSAGE][PASSED] - Delayed 3 second(s)

2018-01-03 14:36:23 - [TEST_STEP][PASSED] - click: Object: 'Object Repository/GIAP-DC/UserModule/UsersModule' is clicked on

2018-01-03 14:36:25 - [MESSAGE][PASSED] - Object: 'Object Repository/GIAP-DC/UserModule/UsersModule' is clicked on

2018-01-03 14:36:25 - [MESSAGE][PASSED] - Call Test Case 'Test Cases/UsersModule/Enter Users Module' successfully

2018-01-03 14:36:25 - [TEST_STEP][PASSED] - delay: Delayed 3 second(s)

2018-01-03 14:36:28 - [MESSAGE][PASSED] - Delayed 3 second(s)

2018-01-03 14:36:28 - [TEST_STEP][PASSED] - setText: Text 'Test1010' is set on object 'Object Repository/GIAP-DC/UserModule/search_user'

2018-01-03 14:36:29 - [MESSAGE][PASSED] - Text 'Test1010' is set on object 'Object Repository/GIAP-DC/UserModule/search_user'

2018-01-03 14:36:29 - [TEST_STEP][PASSED] - click: Object: 'Object Repository/GIAP-DC/UserModule/a_block btn red-sunglo' is clicked on

2018-01-03 14:36:29 - [MESSAGE][PASSED] - Object: 'Object Repository/GIAP-DC/UserModule/a_block btn red-sunglo' is clicked on

2018-01-03 14:36:29 - [TEST_STEP][NOT_RUN] - verifyTextPresent: NOT_RUN: verifyTextPresent

2018-01-03 14:36:29 - [MESSAGE][NOT_RUN] - NOT_RUN: verifyTextPresent

2018-01-03 14:36:29 - [TEST_STEP][PASSED] - delay: Delayed 3 second(s)

2018-01-03 14:36:32 - [MESSAGE][PASSED] - Delayed 3 second(s)

2018-01-03 14:36:32 - [TEST_STEP][PASSED] - click: Object: 'Object Repository/GIAP-DC/UserModule/CancelBlockButton' is clicked on

2018-01-03 14:36:32 - [MESSAGE][PASSED] - Object: 'Object Repository/GIAP-DC/UserModule/CancelBlockButton' is clicked on

2018-01-03 14:36:32 - [TEST_STEP][PASSED] - delay: Delayed 3 second(s)

2018-01-03 14:36:35 - [MESSAGE][PASSED] - Delayed 3 second(s)

2018-01-03 14:36:35 - [TEST_STEP][PASSED] - click: Object: 'Object Repository/GIAP-DC/UserModule/a_block btn red-sunglo' is clicked on

2018-01-03 14:36:35 - [MESSAGE][PASSED] - Object: 'Object Repository/GIAP-DC/UserModule/a_block btn red-sunglo' is clicked on

2018-01-03 14:36:35 - [TEST_STEP][PASSED] - delay: Delayed 3 second(s)

2018-01-03 14:36:38 - [MESSAGE][PASSED] - Delayed 3 second(s)

2018-01-03 14:36:38 - [TEST_STEP][NOT_RUN] - click: NOT_RUN: click

2018-01-03 14:36:38 - [MESSAGE][NOT_RUN] - NOT_RUN: click

2018-01-03 14:36:38 - [TEST_STEP][PASSED] - click: Object: 'Object Repository/GIAP-DC/UserModule/BlockUserButton' is clicked on

2018-01-03 14:36:39 - [MESSAGE][PASSED] - Object: 'Object Repository/GIAP-DC/UserModule/BlockUserButton' is clicked on

2018-01-03 14:36:39 - [TEST_STEP][PASSED] - verifyElementPresent: Object 'Object Repository/GIAP-DC/UserModule/div_toast toast-success' is present

2018-01-03 14:36:39 - [MESSAGE][PASSED] - Object 'Object Repository/GIAP-DC/UserModule/div_toast toast-success' is present

2018-01-03 14:36:39 - [TEST_STEP][PASSED] - closeBrowser: Browser is closed

2018-01-03 14:36:40 - [MESSAGE][PASSED] - Browser is closed]]></system-out>
         <system-err><![CDATA[]]></system-err>
      </testcase>
      <testcase name="Test Cases/UsersModule/Block/Unblock User" classname="Test Cases/UsersModule/Block/Unblock User" status="PASSED">
         <system-out><![CDATA[2018-01-03 14:36:40 - [TEST_CASE][PASSED] - Test Cases/UsersModule/Block/Unblock User: Test Cases/UsersModule/Block/Unblock User

2018-01-03 14:36:40 - [TEST_STEP][PASSED] - callTestCase: Call Test Case 'Test Cases/UsersModule/Enter Users Module' successfully

2018-01-03 14:36:40 - [TEST_CASE][PASSED] - Test Cases/UsersModule/Enter Users Module: Test Cases/UsersModule/Enter Users Module

2018-01-03 14:36:40 - [TEST_STEP][PASSED] - callTestCase: Call Test Case 'Test Cases/Work/Valid login' successfully

2018-01-03 14:36:40 - [TEST_CASE][PASSED] - Test Cases/Work/Valid login: Test Cases/Work/Valid login

2018-01-03 14:36:40 - [TEST_STEP][PASSED] - openBrowser: Browser is opened with url: 'https://system.misnik.by:8484/index.php'

2018-01-03 14:36:44 - [MESSAGE][PASSED] - Browser is opened with url: 'https://system.misnik.by:8484/index.php'

2018-01-03 14:36:44 - [TEST_STEP][PASSED] - verifyTextPresent: Text 'Вход' is present on page 

2018-01-03 14:36:44 - [MESSAGE][PASSED] - Text 'Вход' is present on page 

2018-01-03 14:36:44 - [TEST_STEP][PASSED] - setText: Text 'TaushevIS' is set on object 'Object Repository/GIAP-DC/loginPage/input_username'

2018-01-03 14:36:44 - [MESSAGE][PASSED] - Text 'TaushevIS' is set on object 'Object Repository/GIAP-DC/loginPage/input_username'

2018-01-03 14:36:44 - [TEST_STEP][PASSED] - setText: Text 'tMYPHSIa' is set on object 'Object Repository/GIAP-DC/loginPage/input_password'

2018-01-03 14:36:44 - [MESSAGE][PASSED] - Text 'tMYPHSIa' is set on object 'Object Repository/GIAP-DC/loginPage/input_password'

2018-01-03 14:36:44 - [TEST_STEP][PASSED] - click: Object: 'Object Repository/GIAP-DC/loginPage/loginButton' is clicked on

2018-01-03 14:36:46 - [MESSAGE][PASSED] - Object: 'Object Repository/GIAP-DC/loginPage/loginButton' is clicked on

2018-01-03 14:36:46 - [TEST_STEP][PASSED] - verifyTextPresent: Text 'Главная' is present on page 

2018-01-03 14:36:46 - [MESSAGE][PASSED] - Text 'Главная' is present on page 

2018-01-03 14:36:46 - [MESSAGE][PASSED] - Call Test Case 'Test Cases/Work/Valid login' successfully

2018-01-03 14:36:46 - [TEST_STEP][PASSED] - delay: Delayed 3 second(s)

2018-01-03 14:36:49 - [MESSAGE][PASSED] - Delayed 3 second(s)

2018-01-03 14:36:49 - [TEST_STEP][PASSED] - click: Object: 'Object Repository/GIAP-DC/UserModule/ModuleBlock' is clicked on

2018-01-03 14:36:49 - [MESSAGE][PASSED] - Object: 'Object Repository/GIAP-DC/UserModule/ModuleBlock' is clicked on

2018-01-03 14:36:49 - [TEST_STEP][PASSED] - delay: Delayed 3 second(s)

2018-01-03 14:36:52 - [MESSAGE][PASSED] - Delayed 3 second(s)

2018-01-03 14:36:52 - [TEST_STEP][PASSED] - click: Object: 'Object Repository/GIAP-DC/UserModule/UsersModule' is clicked on

2018-01-03 14:36:54 - [MESSAGE][PASSED] - Object: 'Object Repository/GIAP-DC/UserModule/UsersModule' is clicked on

2018-01-03 14:36:54 - [MESSAGE][PASSED] - Call Test Case 'Test Cases/UsersModule/Enter Users Module' successfully

2018-01-03 14:36:54 - [TEST_STEP][PASSED] - delay: Delayed 3 second(s)

2018-01-03 14:36:57 - [MESSAGE][PASSED] - Delayed 3 second(s)

2018-01-03 14:36:57 - [TEST_STEP][PASSED] - setText: Text 'Test1010' is set on object 'Object Repository/GIAP-DC/UserModule/search_user'

2018-01-03 14:36:58 - [MESSAGE][PASSED] - Text 'Test1010' is set on object 'Object Repository/GIAP-DC/UserModule/search_user'

2018-01-03 14:36:58 - [TEST_STEP][PASSED] - click: Object: 'Object Repository/GIAP-DC/UserModule/a_unblock btn green-dark' is clicked on

2018-01-03 14:36:58 - [MESSAGE][PASSED] - Object: 'Object Repository/GIAP-DC/UserModule/a_unblock btn green-dark' is clicked on

2018-01-03 14:36:58 - [TEST_STEP][PASSED] - delay: Delayed 3 second(s)

2018-01-03 14:37:01 - [MESSAGE][PASSED] - Delayed 3 second(s)

2018-01-03 14:37:01 - [TEST_STEP][PASSED] - click: Object: 'Object Repository/GIAP-DC/UserModule/HeaderUnblockUser' is clicked on

2018-01-03 14:37:01 - [MESSAGE][PASSED] - Object: 'Object Repository/GIAP-DC/UserModule/HeaderUnblockUser' is clicked on

2018-01-03 14:37:01 - [TEST_STEP][PASSED] - click: Object: 'Object Repository/GIAP-DC/UserModule/UnblockUserButton' is clicked on

2018-01-03 14:37:01 - [MESSAGE][PASSED] - Object: 'Object Repository/GIAP-DC/UserModule/UnblockUserButton' is clicked on

2018-01-03 14:37:01 - [TEST_STEP][PASSED] - verifyElementPresent: Object 'Object Repository/GIAP-DC/UserModule/div_toast toast-success' is present

2018-01-03 14:37:02 - [MESSAGE][PASSED] - Object 'Object Repository/GIAP-DC/UserModule/div_toast toast-success' is present

2018-01-03 14:37:02 - [TEST_STEP][PASSED] - closeBrowser: Browser is closed

2018-01-03 14:37:03 - [MESSAGE][PASSED] - Browser is closed]]></system-out>
         <system-err><![CDATA[]]></system-err>
      </testcase>
      <testcase name="Test Cases/UsersModule/Change Right/Change all right" classname="Test Cases/UsersModule/Change Right/Change all right" status="PASSED">
         <system-out><![CDATA[2018-01-03 14:37:03 - [TEST_CASE][PASSED] - Test Cases/UsersModule/Change Right/Change all right: Test Cases/UsersModule/Change Right/Change all right

2018-01-03 14:37:03 - [TEST_STEP][PASSED] - callTestCase: Call Test Case 'Test Cases/UsersModule/Enter Users Module' successfully

2018-01-03 14:37:03 - [TEST_CASE][PASSED] - Test Cases/UsersModule/Enter Users Module: Test Cases/UsersModule/Enter Users Module

2018-01-03 14:37:03 - [TEST_STEP][PASSED] - callTestCase: Call Test Case 'Test Cases/Work/Valid login' successfully

2018-01-03 14:37:03 - [TEST_CASE][PASSED] - Test Cases/Work/Valid login: Test Cases/Work/Valid login

2018-01-03 14:37:03 - [TEST_STEP][PASSED] - openBrowser: Browser is opened with url: 'https://system.misnik.by:8484/index.php'

2018-01-03 14:37:07 - [MESSAGE][PASSED] - Browser is opened with url: 'https://system.misnik.by:8484/index.php'

2018-01-03 14:37:07 - [TEST_STEP][PASSED] - verifyTextPresent: Text 'Вход' is present on page 

2018-01-03 14:37:07 - [MESSAGE][PASSED] - Text 'Вход' is present on page 

2018-01-03 14:37:07 - [TEST_STEP][PASSED] - setText: Text 'TaushevIS' is set on object 'Object Repository/GIAP-DC/loginPage/input_username'

2018-01-03 14:37:07 - [MESSAGE][PASSED] - Text 'TaushevIS' is set on object 'Object Repository/GIAP-DC/loginPage/input_username'

2018-01-03 14:37:07 - [TEST_STEP][PASSED] - setText: Text 'tMYPHSIa' is set on object 'Object Repository/GIAP-DC/loginPage/input_password'

2018-01-03 14:37:08 - [MESSAGE][PASSED] - Text 'tMYPHSIa' is set on object 'Object Repository/GIAP-DC/loginPage/input_password'

2018-01-03 14:37:08 - [TEST_STEP][PASSED] - click: Object: 'Object Repository/GIAP-DC/loginPage/loginButton' is clicked on

2018-01-03 14:37:10 - [MESSAGE][PASSED] - Object: 'Object Repository/GIAP-DC/loginPage/loginButton' is clicked on

2018-01-03 14:37:10 - [TEST_STEP][PASSED] - verifyTextPresent: Text 'Главная' is present on page 

2018-01-03 14:37:10 - [MESSAGE][PASSED] - Text 'Главная' is present on page 

2018-01-03 14:37:10 - [MESSAGE][PASSED] - Call Test Case 'Test Cases/Work/Valid login' successfully

2018-01-03 14:37:10 - [TEST_STEP][PASSED] - delay: Delayed 3 second(s)

2018-01-03 14:37:13 - [MESSAGE][PASSED] - Delayed 3 second(s)

2018-01-03 14:37:13 - [TEST_STEP][PASSED] - click: Object: 'Object Repository/GIAP-DC/UserModule/ModuleBlock' is clicked on

2018-01-03 14:37:13 - [MESSAGE][PASSED] - Object: 'Object Repository/GIAP-DC/UserModule/ModuleBlock' is clicked on

2018-01-03 14:37:13 - [TEST_STEP][PASSED] - delay: Delayed 3 second(s)

2018-01-03 14:37:16 - [MESSAGE][PASSED] - Delayed 3 second(s)

2018-01-03 14:37:16 - [TEST_STEP][PASSED] - click: Object: 'Object Repository/GIAP-DC/UserModule/UsersModule' is clicked on

2018-01-03 14:37:18 - [MESSAGE][PASSED] - Object: 'Object Repository/GIAP-DC/UserModule/UsersModule' is clicked on

2018-01-03 14:37:18 - [MESSAGE][PASSED] - Call Test Case 'Test Cases/UsersModule/Enter Users Module' successfully

2018-01-03 14:37:18 - [TEST_STEP][PASSED] - delay: Delayed 3 second(s)

2018-01-03 14:37:21 - [MESSAGE][PASSED] - Delayed 3 second(s)

2018-01-03 14:37:21 - [TEST_STEP][PASSED] - setText: Text 'Test1010' is set on object 'Object Repository/GIAP-DC/UserModule/search_user'

2018-01-03 14:37:22 - [MESSAGE][PASSED] - Text 'Test1010' is set on object 'Object Repository/GIAP-DC/UserModule/search_user'

2018-01-03 14:37:22 - [TEST_STEP][PASSED] - delay: Delayed 3 second(s)

2018-01-03 14:37:25 - [MESSAGE][PASSED] - Delayed 3 second(s)

2018-01-03 14:37:25 - [TEST_STEP][PASSED] - click: Object: 'Object Repository/GIAP-DC/UserModule/EditRightUserButton' is clicked on

2018-01-03 14:37:25 - [MESSAGE][PASSED] - Object: 'Object Repository/GIAP-DC/UserModule/EditRightUserButton' is clicked on

2018-01-03 14:37:25 - [TEST_STEP][PASSED] - verifyTextPresent: Text 'Права пользователя' is present on page 

2018-01-03 14:37:26 - [MESSAGE][PASSED] - Text 'Права пользователя' is present on page 

2018-01-03 14:37:26 - [TEST_STEP][PASSED] - click: Object: 'Object Repository/GIAP-DC/UserModule/CancelRightButton' is clicked on

2018-01-03 14:37:26 - [MESSAGE][PASSED] - Object: 'Object Repository/GIAP-DC/UserModule/CancelRightButton' is clicked on

2018-01-03 14:37:26 - [TEST_STEP][PASSED] - delay: Delayed 3 second(s)

2018-01-03 14:37:29 - [MESSAGE][PASSED] - Delayed 3 second(s)

2018-01-03 14:37:29 - [TEST_STEP][PASSED] - click: Object: 'Object Repository/GIAP-DC/UserModule/EditRightUserButton' is clicked on

2018-01-03 14:37:29 - [MESSAGE][PASSED] - Object: 'Object Repository/GIAP-DC/UserModule/EditRightUserButton' is clicked on

2018-01-03 14:37:29 - [TEST_STEP][PASSED] - verifyTextPresent: Text 'Права пользователя' is present on page 

2018-01-03 14:37:30 - [MESSAGE][PASSED] - Text 'Права пользователя' is present on page 

2018-01-03 14:37:30 - [TEST_STEP][PASSED] - click: Object: 'Object Repository/GIAP-DC/UserModule/SelectAllRight' is clicked on

2018-01-03 14:37:30 - [MESSAGE][PASSED] - Object: 'Object Repository/GIAP-DC/UserModule/SelectAllRight' is clicked on

2018-01-03 14:37:30 - [TEST_STEP][PASSED] - delay: Delayed 3 second(s)

2018-01-03 14:37:33 - [MESSAGE][PASSED] - Delayed 3 second(s)

2018-01-03 14:37:33 - [TEST_STEP][PASSED] - click: Object: 'Object Repository/GIAP-DC/UserModule/UncheckAllButton' is clicked on

2018-01-03 14:37:34 - [MESSAGE][PASSED] - Object: 'Object Repository/GIAP-DC/UserModule/UncheckAllButton' is clicked on

2018-01-03 14:37:34 - [TEST_STEP][PASSED] - click: Object: 'Object Repository/GIAP-DC/UserModule/Save_Button' is clicked on

2018-01-03 14:37:35 - [MESSAGE][PASSED] - Object: 'Object Repository/GIAP-DC/UserModule/Save_Button' is clicked on

2018-01-03 14:37:35 - [TEST_STEP][PASSED] - verifyElementPresent: Object 'Object Repository/GIAP-DC/UserModule/div_toast toast-success' is present

2018-01-03 14:37:35 - [MESSAGE][PASSED] - Object 'Object Repository/GIAP-DC/UserModule/div_toast toast-success' is present

2018-01-03 14:37:35 - [TEST_STEP][PASSED] - closeBrowser: Browser is closed

2018-01-03 14:37:36 - [MESSAGE][PASSED] - Browser is closed]]></system-out>
         <system-err><![CDATA[]]></system-err>
      </testcase>
      <testcase name="Test Cases/UsersModule/Change Right/Change group right" classname="Test Cases/UsersModule/Change Right/Change group right" status="PASSED">
         <system-out><![CDATA[2018-01-03 14:37:36 - [TEST_CASE][PASSED] - Test Cases/UsersModule/Change Right/Change group right: Test Cases/UsersModule/Change Right/Change group right

2018-01-03 14:37:37 - [TEST_STEP][PASSED] - callTestCase: Call Test Case 'Test Cases/UsersModule/Enter Users Module' successfully

2018-01-03 14:37:37 - [TEST_CASE][PASSED] - Test Cases/UsersModule/Enter Users Module: Test Cases/UsersModule/Enter Users Module

2018-01-03 14:37:37 - [TEST_STEP][PASSED] - callTestCase: Call Test Case 'Test Cases/Work/Valid login' successfully

2018-01-03 14:37:37 - [TEST_CASE][PASSED] - Test Cases/Work/Valid login: Test Cases/Work/Valid login

2018-01-03 14:37:37 - [TEST_STEP][PASSED] - openBrowser: Browser is opened with url: 'https://system.misnik.by:8484/index.php'

2018-01-03 14:37:42 - [MESSAGE][PASSED] - Browser is opened with url: 'https://system.misnik.by:8484/index.php'

2018-01-03 14:37:42 - [TEST_STEP][PASSED] - verifyTextPresent: Text 'Вход' is present on page 

2018-01-03 14:37:42 - [MESSAGE][PASSED] - Text 'Вход' is present on page 

2018-01-03 14:37:42 - [TEST_STEP][PASSED] - setText: Text 'TaushevIS' is set on object 'Object Repository/GIAP-DC/loginPage/input_username'

2018-01-03 14:37:42 - [MESSAGE][PASSED] - Text 'TaushevIS' is set on object 'Object Repository/GIAP-DC/loginPage/input_username'

2018-01-03 14:37:42 - [TEST_STEP][PASSED] - setText: Text 'tMYPHSIa' is set on object 'Object Repository/GIAP-DC/loginPage/input_password'

2018-01-03 14:37:43 - [MESSAGE][PASSED] - Text 'tMYPHSIa' is set on object 'Object Repository/GIAP-DC/loginPage/input_password'

2018-01-03 14:37:43 - [TEST_STEP][PASSED] - click: Object: 'Object Repository/GIAP-DC/loginPage/loginButton' is clicked on

2018-01-03 14:37:45 - [MESSAGE][PASSED] - Object: 'Object Repository/GIAP-DC/loginPage/loginButton' is clicked on

2018-01-03 14:37:45 - [TEST_STEP][PASSED] - verifyTextPresent: Text 'Главная' is present on page 

2018-01-03 14:37:46 - [MESSAGE][PASSED] - Text 'Главная' is present on page 

2018-01-03 14:37:46 - [MESSAGE][PASSED] - Call Test Case 'Test Cases/Work/Valid login' successfully

2018-01-03 14:37:46 - [TEST_STEP][PASSED] - delay: Delayed 3 second(s)

2018-01-03 14:37:49 - [MESSAGE][PASSED] - Delayed 3 second(s)

2018-01-03 14:37:49 - [TEST_STEP][PASSED] - click: Object: 'Object Repository/GIAP-DC/UserModule/ModuleBlock' is clicked on

2018-01-03 14:37:49 - [MESSAGE][PASSED] - Object: 'Object Repository/GIAP-DC/UserModule/ModuleBlock' is clicked on

2018-01-03 14:37:49 - [TEST_STEP][PASSED] - delay: Delayed 3 second(s)

2018-01-03 14:37:52 - [MESSAGE][PASSED] - Delayed 3 second(s)

2018-01-03 14:37:52 - [TEST_STEP][PASSED] - click: Object: 'Object Repository/GIAP-DC/UserModule/UsersModule' is clicked on

2018-01-03 14:37:55 - [MESSAGE][PASSED] - Object: 'Object Repository/GIAP-DC/UserModule/UsersModule' is clicked on

2018-01-03 14:37:55 - [MESSAGE][PASSED] - Call Test Case 'Test Cases/UsersModule/Enter Users Module' successfully

2018-01-03 14:37:55 - [TEST_STEP][PASSED] - delay: Delayed 3 second(s)

2018-01-03 14:37:58 - [MESSAGE][PASSED] - Delayed 3 second(s)

2018-01-03 14:37:58 - [TEST_STEP][PASSED] - setText: Text 'Test1010' is set on object 'Object Repository/GIAP-DC/UserModule/search_user'

2018-01-03 14:37:58 - [MESSAGE][PASSED] - Text 'Test1010' is set on object 'Object Repository/GIAP-DC/UserModule/search_user'

2018-01-03 14:37:58 - [TEST_STEP][PASSED] - delay: Delayed 3 second(s)

2018-01-03 14:38:01 - [MESSAGE][PASSED] - Delayed 3 second(s)

2018-01-03 14:38:01 - [TEST_STEP][PASSED] - click: Object: 'Object Repository/GIAP-DC/UserModule/EditRightUserButton' is clicked on

2018-01-03 14:38:01 - [MESSAGE][PASSED] - Object: 'Object Repository/GIAP-DC/UserModule/EditRightUserButton' is clicked on

2018-01-03 14:38:01 - [TEST_STEP][PASSED] - verifyTextPresent: Text 'Права пользователя' is present on page 

2018-01-03 14:38:02 - [MESSAGE][PASSED] - Text 'Права пользователя' is present on page 

2018-01-03 14:38:02 - [TEST_STEP][PASSED] - click: Object: 'Object Repository/GIAP-DC/UserModule/SelectGroupRight' is clicked on

2018-01-03 14:38:03 - [MESSAGE][PASSED] - Object: 'Object Repository/GIAP-DC/UserModule/SelectGroupRight' is clicked on

2018-01-03 14:38:03 - [TEST_STEP][PASSED] - delay: Delayed 3 second(s)

2018-01-03 14:38:06 - [MESSAGE][PASSED] - Delayed 3 second(s)

2018-01-03 14:38:06 - [TEST_STEP][PASSED] - click: Object: 'Object Repository/GIAP-DC/UserModule/UnselectGroupRight' is clicked on

2018-01-03 14:38:06 - [MESSAGE][PASSED] - Object: 'Object Repository/GIAP-DC/UserModule/UnselectGroupRight' is clicked on

2018-01-03 14:38:06 - [TEST_STEP][PASSED] - delay: Delayed 3 second(s)

2018-01-03 14:38:09 - [MESSAGE][PASSED] - Delayed 3 second(s)

2018-01-03 14:38:09 - [TEST_STEP][PASSED] - click: Object: 'Object Repository/GIAP-DC/UserModule/Save_Button' is clicked on

2018-01-03 14:38:10 - [MESSAGE][PASSED] - Object: 'Object Repository/GIAP-DC/UserModule/Save_Button' is clicked on

2018-01-03 14:38:10 - [TEST_STEP][PASSED] - verifyElementPresent: Object 'Object Repository/GIAP-DC/UserModule/div_toast toast-success' is present

2018-01-03 14:38:11 - [MESSAGE][PASSED] - Object 'Object Repository/GIAP-DC/UserModule/div_toast toast-success' is present

2018-01-03 14:38:11 - [TEST_STEP][PASSED] - closeBrowser: Browser is closed

2018-01-03 14:38:11 - [MESSAGE][PASSED] - Browser is closed]]></system-out>
         <system-err><![CDATA[]]></system-err>
      </testcase>
      <testcase name="Test Cases/UsersModule/Change Right/Change right" classname="Test Cases/UsersModule/Change Right/Change right" status="PASSED">
         <system-out><![CDATA[2018-01-03 14:38:11 - [TEST_CASE][PASSED] - Test Cases/UsersModule/Change Right/Change right: Test Cases/UsersModule/Change Right/Change right

2018-01-03 14:38:12 - [TEST_STEP][PASSED] - callTestCase: Call Test Case 'Test Cases/UsersModule/Enter Users Module' successfully

2018-01-03 14:38:12 - [TEST_CASE][PASSED] - Test Cases/UsersModule/Enter Users Module: Test Cases/UsersModule/Enter Users Module

2018-01-03 14:38:12 - [TEST_STEP][PASSED] - callTestCase: Call Test Case 'Test Cases/Work/Valid login' successfully

2018-01-03 14:38:12 - [TEST_CASE][PASSED] - Test Cases/Work/Valid login: Test Cases/Work/Valid login

2018-01-03 14:38:12 - [TEST_STEP][PASSED] - openBrowser: Browser is opened with url: 'https://system.misnik.by:8484/index.php'

2018-01-03 14:38:15 - [MESSAGE][PASSED] - Browser is opened with url: 'https://system.misnik.by:8484/index.php'

2018-01-03 14:38:15 - [TEST_STEP][PASSED] - verifyTextPresent: Text 'Вход' is present on page 

2018-01-03 14:38:15 - [MESSAGE][PASSED] - Text 'Вход' is present on page 

2018-01-03 14:38:15 - [TEST_STEP][PASSED] - setText: Text 'TaushevIS' is set on object 'Object Repository/GIAP-DC/loginPage/input_username'

2018-01-03 14:38:16 - [MESSAGE][PASSED] - Text 'TaushevIS' is set on object 'Object Repository/GIAP-DC/loginPage/input_username'

2018-01-03 14:38:16 - [TEST_STEP][PASSED] - setText: Text 'tMYPHSIa' is set on object 'Object Repository/GIAP-DC/loginPage/input_password'

2018-01-03 14:38:16 - [MESSAGE][PASSED] - Text 'tMYPHSIa' is set on object 'Object Repository/GIAP-DC/loginPage/input_password'

2018-01-03 14:38:16 - [TEST_STEP][PASSED] - click: Object: 'Object Repository/GIAP-DC/loginPage/loginButton' is clicked on

2018-01-03 14:38:19 - [MESSAGE][PASSED] - Object: 'Object Repository/GIAP-DC/loginPage/loginButton' is clicked on

2018-01-03 14:38:19 - [TEST_STEP][PASSED] - verifyTextPresent: Text 'Главная' is present on page 

2018-01-03 14:38:19 - [MESSAGE][PASSED] - Text 'Главная' is present on page 

2018-01-03 14:38:19 - [MESSAGE][PASSED] - Call Test Case 'Test Cases/Work/Valid login' successfully

2018-01-03 14:38:19 - [TEST_STEP][PASSED] - delay: Delayed 3 second(s)

2018-01-03 14:38:22 - [MESSAGE][PASSED] - Delayed 3 second(s)

2018-01-03 14:38:22 - [TEST_STEP][PASSED] - click: Object: 'Object Repository/GIAP-DC/UserModule/ModuleBlock' is clicked on

2018-01-03 14:38:22 - [MESSAGE][PASSED] - Object: 'Object Repository/GIAP-DC/UserModule/ModuleBlock' is clicked on

2018-01-03 14:38:22 - [TEST_STEP][PASSED] - delay: Delayed 3 second(s)

2018-01-03 14:38:25 - [MESSAGE][PASSED] - Delayed 3 second(s)

2018-01-03 14:38:25 - [TEST_STEP][PASSED] - click: Object: 'Object Repository/GIAP-DC/UserModule/UsersModule' is clicked on

2018-01-03 14:38:27 - [MESSAGE][PASSED] - Object: 'Object Repository/GIAP-DC/UserModule/UsersModule' is clicked on

2018-01-03 14:38:27 - [MESSAGE][PASSED] - Call Test Case 'Test Cases/UsersModule/Enter Users Module' successfully

2018-01-03 14:38:27 - [TEST_STEP][PASSED] - delay: Delayed 3 second(s)

2018-01-03 14:38:30 - [MESSAGE][PASSED] - Delayed 3 second(s)

2018-01-03 14:38:30 - [TEST_STEP][PASSED] - setText: Text 'Test1010' is set on object 'Object Repository/GIAP-DC/UserModule/search_user'

2018-01-03 14:38:31 - [MESSAGE][PASSED] - Text 'Test1010' is set on object 'Object Repository/GIAP-DC/UserModule/search_user'

2018-01-03 14:38:31 - [TEST_STEP][PASSED] - delay: Delayed 3 second(s)

2018-01-03 14:38:34 - [MESSAGE][PASSED] - Delayed 3 second(s)

2018-01-03 14:38:34 - [TEST_STEP][PASSED] - click: Object: 'Object Repository/GIAP-DC/UserModule/EditRightUserButton' is clicked on

2018-01-03 14:38:34 - [MESSAGE][PASSED] - Object: 'Object Repository/GIAP-DC/UserModule/EditRightUserButton' is clicked on

2018-01-03 14:38:34 - [TEST_STEP][PASSED] - verifyTextPresent: Text 'Права пользователя' is present on page 

2018-01-03 14:38:34 - [MESSAGE][PASSED] - Text 'Права пользователя' is present on page 

2018-01-03 14:38:34 - [TEST_STEP][PASSED] - click: Object: 'Object Repository/GIAP-DC/UserModule/span_box' is clicked on

2018-01-03 14:38:35 - [MESSAGE][PASSED] - Object: 'Object Repository/GIAP-DC/UserModule/span_box' is clicked on

2018-01-03 14:38:35 - [TEST_STEP][PASSED] - delay: Delayed 3 second(s)

2018-01-03 14:38:38 - [MESSAGE][PASSED] - Delayed 3 second(s)

2018-01-03 14:38:38 - [TEST_STEP][PASSED] - click: Object: 'Object Repository/GIAP-DC/UserModule/span_check' is clicked on

2018-01-03 14:38:39 - [MESSAGE][PASSED] - Object: 'Object Repository/GIAP-DC/UserModule/span_check' is clicked on

2018-01-03 14:38:39 - [TEST_STEP][PASSED] - click: Object: 'Object Repository/GIAP-DC/UserModule/Save_Button' is clicked on

2018-01-03 14:38:40 - [MESSAGE][PASSED] - Object: 'Object Repository/GIAP-DC/UserModule/Save_Button' is clicked on

2018-01-03 14:38:40 - [TEST_STEP][PASSED] - verifyElementPresent: Object 'Object Repository/GIAP-DC/UserModule/div_toast toast-success' is present

2018-01-03 14:38:41 - [MESSAGE][PASSED] - Object 'Object Repository/GIAP-DC/UserModule/div_toast toast-success' is present

2018-01-03 14:38:41 - [TEST_STEP][PASSED] - closeBrowser: Browser is closed

2018-01-03 14:38:41 - [MESSAGE][PASSED] - Browser is closed]]></system-out>
         <system-err><![CDATA[]]></system-err>
      </testcase>
      <testcase name="Test Cases/UsersModule/Delete/Delete user" classname="Test Cases/UsersModule/Delete/Delete user" status="PASSED">
         <system-out><![CDATA[2018-01-03 14:38:42 - [TEST_CASE][PASSED] - Test Cases/UsersModule/Delete/Delete user: Test Cases/UsersModule/Delete/Delete user

2018-01-03 14:38:42 - [TEST_STEP][PASSED] - callTestCase: Call Test Case 'Test Cases/UsersModule/Enter Users Module' successfully

2018-01-03 14:38:42 - [TEST_CASE][PASSED] - Test Cases/UsersModule/Enter Users Module: Test Cases/UsersModule/Enter Users Module

2018-01-03 14:38:42 - [TEST_STEP][PASSED] - callTestCase: Call Test Case 'Test Cases/Work/Valid login' successfully

2018-01-03 14:38:42 - [TEST_CASE][PASSED] - Test Cases/Work/Valid login: Test Cases/Work/Valid login

2018-01-03 14:38:42 - [TEST_STEP][PASSED] - openBrowser: Browser is opened with url: 'https://system.misnik.by:8484/index.php'

2018-01-03 14:38:45 - [MESSAGE][PASSED] - Browser is opened with url: 'https://system.misnik.by:8484/index.php'

2018-01-03 14:38:45 - [TEST_STEP][PASSED] - verifyTextPresent: Text 'Вход' is present on page 

2018-01-03 14:38:45 - [MESSAGE][PASSED] - Text 'Вход' is present on page 

2018-01-03 14:38:45 - [TEST_STEP][PASSED] - setText: Text 'TaushevIS' is set on object 'Object Repository/GIAP-DC/loginPage/input_username'

2018-01-03 14:38:45 - [MESSAGE][PASSED] - Text 'TaushevIS' is set on object 'Object Repository/GIAP-DC/loginPage/input_username'

2018-01-03 14:38:45 - [TEST_STEP][PASSED] - setText: Text 'tMYPHSIa' is set on object 'Object Repository/GIAP-DC/loginPage/input_password'

2018-01-03 14:38:46 - [MESSAGE][PASSED] - Text 'tMYPHSIa' is set on object 'Object Repository/GIAP-DC/loginPage/input_password'

2018-01-03 14:38:46 - [TEST_STEP][PASSED] - click: Object: 'Object Repository/GIAP-DC/loginPage/loginButton' is clicked on

2018-01-03 14:38:47 - [MESSAGE][PASSED] - Object: 'Object Repository/GIAP-DC/loginPage/loginButton' is clicked on

2018-01-03 14:38:47 - [TEST_STEP][PASSED] - verifyTextPresent: Text 'Главная' is present on page 

2018-01-03 14:38:48 - [MESSAGE][PASSED] - Text 'Главная' is present on page 

2018-01-03 14:38:48 - [MESSAGE][PASSED] - Call Test Case 'Test Cases/Work/Valid login' successfully

2018-01-03 14:38:48 - [TEST_STEP][PASSED] - delay: Delayed 3 second(s)

2018-01-03 14:38:51 - [MESSAGE][PASSED] - Delayed 3 second(s)

2018-01-03 14:38:51 - [TEST_STEP][PASSED] - click: Object: 'Object Repository/GIAP-DC/UserModule/ModuleBlock' is clicked on

2018-01-03 14:38:51 - [MESSAGE][PASSED] - Object: 'Object Repository/GIAP-DC/UserModule/ModuleBlock' is clicked on

2018-01-03 14:38:51 - [TEST_STEP][PASSED] - delay: Delayed 3 second(s)

2018-01-03 14:38:54 - [MESSAGE][PASSED] - Delayed 3 second(s)

2018-01-03 14:38:54 - [TEST_STEP][PASSED] - click: Object: 'Object Repository/GIAP-DC/UserModule/UsersModule' is clicked on

2018-01-03 14:38:56 - [MESSAGE][PASSED] - Object: 'Object Repository/GIAP-DC/UserModule/UsersModule' is clicked on

2018-01-03 14:38:56 - [MESSAGE][PASSED] - Call Test Case 'Test Cases/UsersModule/Enter Users Module' successfully

2018-01-03 14:38:56 - [TEST_STEP][PASSED] - delay: Delayed 3 second(s)

2018-01-03 14:38:59 - [MESSAGE][PASSED] - Delayed 3 second(s)

2018-01-03 14:38:59 - [TEST_STEP][PASSED] - setText: Text 'Test1010' is set on object 'Object Repository/GIAP-DC/UserModule/search_user'

2018-01-03 14:38:59 - [MESSAGE][PASSED] - Text 'Test1010' is set on object 'Object Repository/GIAP-DC/UserModule/search_user'

2018-01-03 14:38:59 - [TEST_STEP][PASSED] - delay: Delayed 3 second(s)

2018-01-03 14:39:02 - [MESSAGE][PASSED] - Delayed 3 second(s)

2018-01-03 14:39:02 - [TEST_STEP][PASSED] - click: Object: 'Object Repository/GIAP-DC/UserModule/DeleteUserButton' is clicked on

2018-01-03 14:39:03 - [MESSAGE][PASSED] - Object: 'Object Repository/GIAP-DC/UserModule/DeleteUserButton' is clicked on

2018-01-03 14:39:03 - [TEST_STEP][PASSED] - delay: Delayed 3 second(s)

2018-01-03 14:39:06 - [MESSAGE][PASSED] - Delayed 3 second(s)

2018-01-03 14:39:06 - [TEST_STEP][PASSED] - click: Object: 'Object Repository/GIAP-DC/UserModule/CancelDeleteUser' is clicked on

2018-01-03 14:39:06 - [MESSAGE][PASSED] - Object: 'Object Repository/GIAP-DC/UserModule/CancelDeleteUser' is clicked on

2018-01-03 14:39:06 - [TEST_STEP][PASSED] - delay: Delayed 3 second(s)

2018-01-03 14:39:09 - [MESSAGE][PASSED] - Delayed 3 second(s)

2018-01-03 14:39:09 - [TEST_STEP][PASSED] - click: Object: 'Object Repository/GIAP-DC/UserModule/DeleteUserButton' is clicked on

2018-01-03 14:39:09 - [MESSAGE][PASSED] - Object: 'Object Repository/GIAP-DC/UserModule/DeleteUserButton' is clicked on

2018-01-03 14:39:09 - [TEST_STEP][PASSED] - delay: Delayed 3 second(s)

2018-01-03 14:39:12 - [MESSAGE][PASSED] - Delayed 3 second(s)

2018-01-03 14:39:12 - [TEST_STEP][PASSED] - click: Object: 'Object Repository/GIAP-DC/UserModule/ConfirmDeleteUser' is clicked on

2018-01-03 14:39:12 - [MESSAGE][PASSED] - Object: 'Object Repository/GIAP-DC/UserModule/ConfirmDeleteUser' is clicked on

2018-01-03 14:39:12 - [TEST_STEP][PASSED] - verifyElementPresent: Object 'Object Repository/GIAP-DC/UserModule/div_toast toast-success (1)' is present

2018-01-03 14:39:12 - [MESSAGE][PASSED] - Object 'Object Repository/GIAP-DC/UserModule/div_toast toast-success (1)' is present

2018-01-03 14:39:12 - [TEST_STEP][PASSED] - closeBrowser: Browser is closed

2018-01-03 14:39:13 - [MESSAGE][PASSED] - Browser is closed]]></system-out>
         <system-err><![CDATA[]]></system-err>
      </testcase>
      <system-out><![CDATA[2018-01-03 14:32:35 - [TEST_SUITE][PASSED] - UserModule: Test Cases/UsersModule/Delete/Delete user]]></system-out>
      <system-err><![CDATA[]]></system-err>
   </testsuite>
</testsuites>
