<?xml version="1.0" encoding="UTF-8"?>
<testsuites name="CreateVessel" time="512" tests="1" failures="1" errors="0">
   <testsuite name="CreateVessel" tests="1" failures="1" errors="0" time="512" timestamp="2018-01-12 12:48:41" hostname="GDC - TaushevIS" id="Test Suites/CreateVessel">
      <properties>
         <property name="deviceName" value=""/>
         <property name="devicePlatform" value=""/>
         <property name="logFolder" value="C:\\TestProject\\glowing-giggle\\Reports\\CreateVessel\\20180112_124839"/>
         <property name="logFiles" value="C:\\TestProject\\glowing-giggle\\Reports\\CreateVessel\\20180112_124839\\execution0.log"/>
         <property name="attachments" value="C:\\TestProject\\glowing-giggle\\Reports\\CreateVessel\\20180112_124839\\1515751032354.png"/>
         <property name="hostName" value="GDC - TaushevIS"/>
         <property name="os" value="Windows 10 64bit"/>
         <property name="katalonVersion" value="5.2.0.1"/>
         <property name="browser" value="Chrome 63.0.3239.132"/>
         <property name="hostAddress" value="192.168.100.10"/>
         <property name="sessionId" value="49d2810954dcbf7b02f392cf2c94e3cd"/>
         <property name="seleniumVersion" value="3.7.1"/>
         <property name="proxyInformation" value="ProxyInformation{proxyOption=NO_PROXY, proxyServerType=HTTP, password=, proxyServerAddress=, proxyServerPort=0}"/>
         <property name="platform" value="Windows 10"/>
      </properties>
      <testcase name="Test Cases/Work/Vessel/1. Create New Vessel" classname="Test Cases/Work/Vessel/1. Create New Vessel" status="PASSED">
         <system-out><![CDATA[2018-01-12 12:48:41 - [TEST_CASE][PASSED] - Test Cases/Work/Vessel/1. Create New Vessel: Test Cases/Work/Vessel/1. Create New Vessel

2018-01-12 12:48:42 - [TEST_STEP][PASSED] - callTestCase: Call Test Case 'Test Cases/Work/Valid login' successfully

2018-01-12 12:48:42 - [TEST_CASE][PASSED] - Test Cases/Work/Valid login: Test Cases/Work/Valid login

2018-01-12 12:48:42 - [TEST_STEP][PASSED] - openBrowser: Browser is opened with url: 'https://system.misnik.by:8484/index.php'

2018-01-12 12:48:50 - [MESSAGE][PASSED] - Browser is opened with url: 'https://system.misnik.by:8484/index.php'

2018-01-12 12:48:50 - [TEST_STEP][PASSED] - verifyTextPresent: Text 'Вход' is present on page 

2018-01-12 12:48:50 - [MESSAGE][PASSED] - Text 'Вход' is present on page 

2018-01-12 12:48:50 - [TEST_STEP][PASSED] - setText: Text 'TaushevIS' is set on object 'Object Repository/GIAP-DC/loginPage/input_username'

2018-01-12 12:48:50 - [MESSAGE][PASSED] - Text 'TaushevIS' is set on object 'Object Repository/GIAP-DC/loginPage/input_username'

2018-01-12 12:48:50 - [TEST_STEP][PASSED] - setText: Text 'tMYPHSIa' is set on object 'Object Repository/GIAP-DC/loginPage/input_password'

2018-01-12 12:48:50 - [MESSAGE][PASSED] - Text 'tMYPHSIa' is set on object 'Object Repository/GIAP-DC/loginPage/input_password'

2018-01-12 12:48:50 - [TEST_STEP][PASSED] - click: Object: 'Object Repository/GIAP-DC/loginPage/loginButton' is clicked on

2018-01-12 12:48:52 - [MESSAGE][PASSED] - Object: 'Object Repository/GIAP-DC/loginPage/loginButton' is clicked on

2018-01-12 12:48:52 - [TEST_STEP][PASSED] - verifyTextPresent: Text 'Главная' is present on page 

2018-01-12 12:48:53 - [MESSAGE][PASSED] - Text 'Главная' is present on page 

2018-01-12 12:48:53 - [MESSAGE][PASSED] - Call Test Case 'Test Cases/Work/Valid login' successfully

2018-01-12 12:48:53 - [TEST_STEP][PASSED] - click: Object: 'Object Repository/GIAP-DC/Vessel/AddVessel/Vessel' is clicked on

2018-01-12 12:48:56 - [MESSAGE][PASSED] - Object: 'Object Repository/GIAP-DC/Vessel/AddVessel/Vessel' is clicked on

2018-01-12 12:48:56 - [TEST_STEP][PASSED] - waitForJQueryLoad: jQuery is ready.

2018-01-12 12:48:56 - [MESSAGE][WARNING] - Timeout '0' is invalid. Using default page load timeout: '15'

2018-01-12 12:49:02 - [MESSAGE][PASSED] - jQuery is ready.

2018-01-12 12:49:02 - [TEST_STEP][PASSED] - click: Object: 'Object Repository/GIAP-DC/Vessel/AddVessel/Add' is clicked on

2018-01-12 12:49:02 - [MESSAGE][PASSED] - Object: 'Object Repository/GIAP-DC/Vessel/AddVessel/Add' is clicked on

2018-01-12 12:49:02 - [TEST_STEP][PASSED] - verifyElementText: Actual text and expected text of test object 'Object Repository/GIAP-DC/Vessel/AddVessel/h4_' are matched.

2018-01-12 12:49:03 - [MESSAGE][PASSED] - Actual text and expected text of test object 'Object Repository/GIAP-DC/Vessel/AddVessel/h4_' are matched.

2018-01-12 12:49:03 - [TEST_STEP][PASSED] - click: Object: 'Object Repository/GIAP-DC/Vessel/AddVessel/Other' is clicked on

2018-01-12 12:49:04 - [MESSAGE][PASSED] - Object: 'Object Repository/GIAP-DC/Vessel/AddVessel/Other' is clicked on

2018-01-12 12:49:04 - [TEST_STEP][PASSED] - delay: Delayed 3 second(s)

2018-01-12 12:49:07 - [MESSAGE][PASSED] - Delayed 3 second(s)

2018-01-12 12:49:07 - [TEST_STEP][PASSED] - click: Object: 'Object Repository/GIAP-DC/Vessel/AddVessel/Select' is clicked on

2018-01-12 12:49:07 - [MESSAGE][PASSED] - Object: 'Object Repository/GIAP-DC/Vessel/AddVessel/Select' is clicked on

2018-01-12 12:49:07 - [TEST_STEP][PASSED] - delay: Delayed 3 second(s)

2018-01-12 12:49:10 - [MESSAGE][PASSED] - Delayed 3 second(s)

2018-01-12 12:49:10 - [TEST_STEP][PASSED] - click: Object: 'Object Repository/GIAP-DC/Vessel/AddVessel/ABT-4' is clicked on

2018-01-12 12:49:10 - [MESSAGE][PASSED] - Object: 'Object Repository/GIAP-DC/Vessel/AddVessel/ABT-4' is clicked on

2018-01-12 12:49:10 - [TEST_STEP][PASSED] - setText: Text 'test100' is set on object 'Object Repository/GIAP-DC/Vessel/AddVessel/Position'

2018-01-12 12:49:17 - [MESSAGE][PASSED] - Text 'test100' is set on object 'Object Repository/GIAP-DC/Vessel/AddVessel/Position'

2018-01-12 12:49:17 - [TEST_STEP][PASSED] - click: Object: 'Object Repository/GIAP-DC/Vessel/AddVessel/AddVessel' is clicked on

2018-01-12 12:49:18 - [MESSAGE][PASSED] - Object: 'Object Repository/GIAP-DC/Vessel/AddVessel/AddVessel' is clicked on

2018-01-12 12:49:18 - [TEST_STEP][PASSED] - delay: Delayed 3 second(s)

2018-01-12 12:49:21 - [MESSAGE][PASSED] - Delayed 3 second(s)

2018-01-12 12:49:21 - [TEST_STEP][NOT_RUN] - closeBrowser: NOT_RUN: closeBrowser

2018-01-12 12:49:21 - [MESSAGE][NOT_RUN] - NOT_RUN: closeBrowser]]></system-out>
         <system-err><![CDATA[]]></system-err>
      </testcase>
      <testcase name="Test Cases/Work/Vessel/3. FillingOperatingParameters" classname="Test Cases/Work/Vessel/3. FillingOperatingParameters" status="FAILED">
         <failure type="FAILED" message="Unable to click on object 'Object Repository/GIAP-DC/Vessel/SaveButton' (Root cause: org.openqa.selenium.WebDriverException: unknown error: Element &lt;button tabs_but=&quot;-1&quot; style=&quot;margin: 8px;&quot; id=&quot;-1&quot; name=&quot;Сохранить&quot; class=&quot;btn btn-success btn-sm m-m-btn-success_transfer_to&quot; type=&quot;button&quot;>...&lt;/button> is not clickable at point (1534, 766). Other element would receive the click: &lt;div class=&quot;blockUI blockOverlay&quot; style=&quot;z-index: 1000; border: none; margin: 0px; padding: 0px; width: 100%; height: 100%; top: 0px; left: 0px; background-color: rgb(0, 0, 0); opacity: 0; cursor: default; position: fixed;&quot;>&lt;/div>
  (Session info: chrome=63.0.3239.132)
  (Driver info: chromedriver=2.33.506120 (e3e53437346286c0bc2d2dc9aa4915ba81d9023f),platform=Windows NT 10.0.16299 x86_64) (WARNING: The server did not provide any stacktrace information)
Command duration or timeout: 0 milliseconds
Build info: version: '3.7.1', revision: '8a0099a', time: '2017-11-06T21:07:36.161Z'
System info: host: 'TAUSHEVIS', ip: '192.168.100.10', os.name: 'Windows 10', os.arch: 'amd64', os.version: '10.0', java.version: '1.8.0_102'
Driver info: com.kms.katalon.selenium.driver.CChromeDriver
Capabilities {acceptSslCerts: true, applicationCacheEnabled: false, browserConnectionEnabled: false, browserName: chrome, chrome: {chromedriverVersion: 2.33.506120 (e3e53437346286..., userDataDir: C:\Users\GDC\AppData\Local\...}, cssSelectorsEnabled: true, databaseEnabled: false, handlesAlerts: true, hasTouchScreen: false, javascriptEnabled: true, locationContextEnabled: true, mobileEmulationEnabled: false, nativeEvents: true, networkConnectionEnabled: false, pageLoadStrategy: normal, platform: XP, platformName: XP, rotatable: false, setWindowRect: true, takesHeapSnapshot: true, takesScreenshot: true, unexpectedAlertBehaviour: , unhandledPromptBehavior: , version: 63.0.3239.132, webStorageEnabled: true}
Session ID: 49d2810954dcbf7b02f392cf2c94e3cd)"/>
         <system-out><![CDATA[2018-01-12 12:49:21 - [TEST_CASE][FAILED] - Test Cases/Work/Vessel/3. FillingOperatingParameters: Test Cases/Work/Vessel/3. FillingOperatingParameters FAILED because (of) Unable to click on object 'Object Repository/GIAP-DC/Vessel/SaveButton' (Root cause: org.openqa.selenium.WebDriverException: unknown error: Element <button tabs_but="-1" style="margin: 8px;" id="-1" name="Сохранить" class="btn btn-success btn-sm m-m-btn-success_transfer_to" type="button">...</button> is not clickable at point (1534, 766). Other element would receive the click: <div class="blockUI blockOverlay" style="z-index: 1000; border: none; margin: 0px; padding: 0px; width: 100%; height: 100%; top: 0px; left: 0px; background-color: rgb(0, 0, 0); opacity: 0; cursor: default; position: fixed;"></div>
  (Session info: chrome=63.0.3239.132)
  (Driver info: chromedriver=2.33.506120 (e3e53437346286c0bc2d2dc9aa4915ba81d9023f),platform=Windows NT 10.0.16299 x86_64) (WARNING: The server did not provide any stacktrace information)
Command duration or timeout: 0 milliseconds
Build info: version: '3.7.1', revision: '8a0099a', time: '2017-11-06T21:07:36.161Z'
System info: host: 'TAUSHEVIS', ip: '192.168.100.10', os.name: 'Windows 10', os.arch: 'amd64', os.version: '10.0', java.version: '1.8.0_102'
Driver info: com.kms.katalon.selenium.driver.CChromeDriver
Capabilities {acceptSslCerts: true, applicationCacheEnabled: false, browserConnectionEnabled: false, browserName: chrome, chrome: {chromedriverVersion: 2.33.506120 (e3e53437346286..., userDataDir: C:\Users\GDC\AppData\Local\...}, cssSelectorsEnabled: true, databaseEnabled: false, handlesAlerts: true, hasTouchScreen: false, javascriptEnabled: true, locationContextEnabled: true, mobileEmulationEnabled: false, nativeEvents: true, networkConnectionEnabled: false, pageLoadStrategy: normal, platform: XP, platformName: XP, rotatable: false, setWindowRect: true, takesHeapSnapshot: true, takesScreenshot: true, unexpectedAlertBehaviour: , unhandledPromptBehavior: , version: 63.0.3239.132, webStorageEnabled: true}
Session ID: 49d2810954dcbf7b02f392cf2c94e3cd)

2018-01-12 12:49:22 - [TEST_STEP][PASSED] - comment: Добавляем объект на вкладку "Текущие пространиства"

2018-01-12 12:49:22 - [TEST_STEP][PASSED] - callTestCase: Call Test Case 'Test Cases/Work/Vessel/OpParam/Main' successfully

2018-01-12 12:49:22 - [TEST_CASE][PASSED] - Test Cases/Work/Vessel/OpParam/Main: Test Cases/Work/Vessel/OpParam/Main

2018-01-12 12:49:22 - [TEST_STEP][PASSED] - click: Object: 'Object Repository/GIAP-DC/Vessel/Operating Parameters/operatingParametersButton' is clicked on

2018-01-12 12:49:30 - [MESSAGE][PASSED] - Object: 'Object Repository/GIAP-DC/Vessel/Operating Parameters/operatingParametersButton' is clicked on

2018-01-12 12:49:30 - [TEST_STEP][PASSED] - waitForJQueryLoad: jQuery is ready.

2018-01-12 12:49:31 - [MESSAGE][WARNING] - Timeout '0' is invalid. Using default page load timeout: '15'

2018-01-12 12:49:32 - [MESSAGE][PASSED] - jQuery is ready.

2018-01-12 12:49:32 - [TEST_STEP][PASSED] - click: Object: 'Object Repository/GIAP-DC/Vessel/Operating Parameters/Main/addMain' is clicked on

2018-01-12 12:49:32 - [MESSAGE][PASSED] - Object: 'Object Repository/GIAP-DC/Vessel/Operating Parameters/Main/addMain' is clicked on

2018-01-12 12:49:33 - [TEST_STEP][PASSED] - delay: Delayed 3 second(s)

2018-01-12 12:49:36 - [MESSAGE][PASSED] - Delayed 3 second(s)

2018-01-12 12:49:36 - [TEST_STEP][PASSED] - click: Object: 'Object Repository/GIAP-DC/Vessel/Operating Parameters/Main/actualSpaceMain' is clicked on

2018-01-12 12:49:36 - [MESSAGE][PASSED] - Object: 'Object Repository/GIAP-DC/Vessel/Operating Parameters/Main/actualSpaceMain' is clicked on

2018-01-12 12:49:36 - [TEST_STEP][PASSED] - delay: Delayed 3 second(s)

2018-01-12 12:49:39 - [MESSAGE][PASSED] - Delayed 3 second(s)

2018-01-12 12:49:39 - [TEST_STEP][PASSED] - click: Object: 'Object Repository/GIAP-DC/Vessel/Operating Parameters/Main/selectActualSpace' is clicked on

2018-01-12 12:49:39 - [MESSAGE][PASSED] - Object: 'Object Repository/GIAP-DC/Vessel/Operating Parameters/Main/selectActualSpace' is clicked on

2018-01-12 12:49:39 - [TEST_STEP][PASSED] - click: Object: 'Object Repository/GIAP-DC/Vessel/Operating Parameters/Main/addButton' is clicked on

2018-01-12 12:49:45 - [MESSAGE][PASSED] - Object: 'Object Repository/GIAP-DC/Vessel/Operating Parameters/Main/addButton' is clicked on

2018-01-12 12:49:45 - [MESSAGE][PASSED] - Call Test Case 'Test Cases/Work/Vessel/OpParam/Main' successfully

2018-01-12 12:49:45 - [TEST_STEP][PASSED] - comment: Добавляем данные на вкладку "История параметров"

2018-01-12 12:49:45 - [TEST_STEP][PASSED] - callTestCase: Call Test Case 'Test Cases/Work/Vessel/OpParam/History' successfully

2018-01-12 12:49:45 - [TEST_CASE][PASSED] - Test Cases/Work/Vessel/OpParam/History: Test Cases/Work/Vessel/OpParam/History

2018-01-12 12:49:45 - [TEST_STEP][PASSED] - delay: Delayed 3 second(s)

2018-01-12 12:49:48 - [MESSAGE][PASSED] - Delayed 3 second(s)

2018-01-12 12:49:48 - [TEST_STEP][PASSED] - click: Object: 'Object Repository/GIAP-DC/Vessel/Operating Parameters/History/historyButton' is clicked on

2018-01-12 12:49:51 - [MESSAGE][PASSED] - Object: 'Object Repository/GIAP-DC/Vessel/Operating Parameters/History/historyButton' is clicked on

2018-01-12 12:49:51 - [TEST_STEP][PASSED] - waitForJQueryLoad: jQuery is ready.

2018-01-12 12:49:51 - [MESSAGE][WARNING] - Timeout '0' is invalid. Using default page load timeout: '15'

2018-01-12 12:49:53 - [MESSAGE][PASSED] - jQuery is ready.

2018-01-12 12:49:53 - [TEST_STEP][PASSED] - click: Object: 'Object Repository/GIAP-DC/Vessel/Operating Parameters/History/addHistory' is clicked on

2018-01-12 12:49:53 - [MESSAGE][PASSED] - Object: 'Object Repository/GIAP-DC/Vessel/Operating Parameters/History/addHistory' is clicked on

2018-01-12 12:49:53 - [TEST_STEP][PASSED] - waitForJQueryLoad: jQuery is ready.

2018-01-12 12:49:53 - [MESSAGE][WARNING] - Timeout '0' is invalid. Using default page load timeout: '15'

2018-01-12 12:49:54 - [MESSAGE][PASSED] - jQuery is ready.

2018-01-12 12:49:54 - [TEST_STEP][PASSED] - setText: Text '25.05.2014' is set on object 'Object Repository/GIAP-DC/Vessel/Operating Parameters/History/DateHistory'

2018-01-12 12:50:08 - [MESSAGE][PASSED] - Text '25.05.2014' is set on object 'Object Repository/GIAP-DC/Vessel/Operating Parameters/History/DateHistory'

2018-01-12 12:50:08 - [TEST_STEP][PASSED] - click: Object: 'Object Repository/GIAP-DC/Vessel/Operating Parameters/History/sourceHistory' is clicked on

2018-01-12 12:50:08 - [MESSAGE][PASSED] - Object: 'Object Repository/GIAP-DC/Vessel/Operating Parameters/History/sourceHistory' is clicked on

2018-01-12 12:50:08 - [TEST_STEP][PASSED] - delay: Delayed 3 second(s)

2018-01-12 12:50:11 - [MESSAGE][PASSED] - Delayed 3 second(s)

2018-01-12 12:50:11 - [TEST_STEP][PASSED] - click: Object: 'Object Repository/GIAP-DC/Vessel/Operating Parameters/History/selectDataSource' is clicked on

2018-01-12 12:50:11 - [MESSAGE][PASSED] - Object: 'Object Repository/GIAP-DC/Vessel/Operating Parameters/History/selectDataSource' is clicked on

2018-01-12 12:50:11 - [TEST_STEP][PASSED] - setText: Text 'нефтепродукты' is set on object 'Object Repository/GIAP-DC/Vessel/Operating Parameters/Environment/enviromentFromSource'

2018-01-12 12:50:25 - [MESSAGE][PASSED] - Text 'нефтепродукты' is set on object 'Object Repository/GIAP-DC/Vessel/Operating Parameters/Environment/enviromentFromSource'

2018-01-12 12:50:25 - [TEST_STEP][PASSED] - setText: Text 'корпус' is set on object 'Object Repository/GIAP-DC/Vessel/Operating Parameters/History/spaceFromSource'

2018-01-12 12:50:37 - [MESSAGE][PASSED] - Text 'корпус' is set on object 'Object Repository/GIAP-DC/Vessel/Operating Parameters/History/spaceFromSource'

2018-01-12 12:50:37 - [TEST_STEP][PASSED] - click: Object: 'Object Repository/GIAP-DC/Vessel/Operating Parameters/History/valueHistory' is clicked on

2018-01-12 12:50:38 - [MESSAGE][PASSED] - Object: 'Object Repository/GIAP-DC/Vessel/Operating Parameters/History/valueHistory' is clicked on

2018-01-12 12:50:38 - [TEST_STEP][PASSED] - delay: Delayed 3 second(s)

2018-01-12 12:50:41 - [MESSAGE][PASSED] - Delayed 3 second(s)

2018-01-12 12:50:41 - [TEST_STEP][PASSED] - click: Object: 'Object Repository/GIAP-DC/Vessel/Operating Parameters/History/selectValue' is clicked on

2018-01-12 12:50:41 - [MESSAGE][PASSED] - Object: 'Object Repository/GIAP-DC/Vessel/Operating Parameters/History/selectValue' is clicked on

2018-01-12 12:50:41 - [TEST_STEP][NOT_RUN] - click: NOT_RUN: click

2018-01-12 12:50:41 - [MESSAGE][NOT_RUN] - NOT_RUN: click

2018-01-12 12:50:41 - [TEST_STEP][PASSED] - setText: Text '0.05' is set on object 'Object Repository/GIAP-DC/Vessel/Operating Parameters/History/workPin'

2018-01-12 12:50:54 - [MESSAGE][PASSED] - Text '0.05' is set on object 'Object Repository/GIAP-DC/Vessel/Operating Parameters/History/workPin'

2018-01-12 12:50:54 - [TEST_STEP][PASSED] - setText: Text '0,05' is set on object 'Object Repository/GIAP-DC/Vessel/Operating Parameters/History/workPout'

2018-01-12 12:51:06 - [MESSAGE][PASSED] - Text '0,05' is set on object 'Object Repository/GIAP-DC/Vessel/Operating Parameters/History/workPout'

2018-01-12 12:51:06 - [TEST_STEP][PASSED] - setText: Text '0.05' is set on object 'Object Repository/GIAP-DC/Vessel/Operating Parameters/History/allowedP'

2018-01-12 12:51:19 - [MESSAGE][PASSED] - Text '0.05' is set on object 'Object Repository/GIAP-DC/Vessel/Operating Parameters/History/allowedP'

2018-01-12 12:51:19 - [TEST_STEP][PASSED] - setText: Text '0.05' is set on object 'Object Repository/GIAP-DC/Vessel/Operating Parameters/History/calculatedP'

2018-01-12 12:51:32 - [MESSAGE][PASSED] - Text '0.05' is set on object 'Object Repository/GIAP-DC/Vessel/Operating Parameters/History/calculatedP'

2018-01-12 12:51:32 - [TEST_STEP][PASSED] - setText: Text '80' is set on object 'Object Repository/GIAP-DC/Vessel/Operating Parameters/History/workTin'

2018-01-12 12:51:45 - [MESSAGE][PASSED] - Text '80' is set on object 'Object Repository/GIAP-DC/Vessel/Operating Parameters/History/workTin'

2018-01-12 12:51:45 - [TEST_STEP][PASSED] - setText: Text '80' is set on object 'Object Repository/GIAP-DC/Vessel/Operating Parameters/History/workTout'

2018-01-12 12:51:58 - [MESSAGE][PASSED] - Text '80' is set on object 'Object Repository/GIAP-DC/Vessel/Operating Parameters/History/workTout'

2018-01-12 12:51:58 - [TEST_STEP][PASSED] - setText: Text '80' is set on object 'Object Repository/GIAP-DC/Vessel/Operating Parameters/History/allowedT'

2018-01-12 12:52:11 - [MESSAGE][PASSED] - Text '80' is set on object 'Object Repository/GIAP-DC/Vessel/Operating Parameters/History/allowedT'

2018-01-12 12:52:11 - [TEST_STEP][PASSED] - setText: Text '80' is set on object 'Object Repository/GIAP-DC/Vessel/Operating Parameters/History/calculatedT'

2018-01-12 12:52:23 - [MESSAGE][PASSED] - Text '80' is set on object 'Object Repository/GIAP-DC/Vessel/Operating Parameters/History/calculatedT'

2018-01-12 12:52:23 - [TEST_STEP][PASSED] - click: Object: 'Object Repository/GIAP-DC/Vessel/Operating Parameters/History/addSpaceHistoryButton' is clicked on

2018-01-12 12:52:29 - [MESSAGE][PASSED] - Object: 'Object Repository/GIAP-DC/Vessel/Operating Parameters/History/addSpaceHistoryButton' is clicked on

2018-01-12 12:52:29 - [TEST_STEP][PASSED] - click: Object: 'Object Repository/GIAP-DC/Vessel/Operating Parameters/History/openSelectSpaceHistory' is clicked on

2018-01-12 12:52:30 - [MESSAGE][PASSED] - Object: 'Object Repository/GIAP-DC/Vessel/Operating Parameters/History/openSelectSpaceHistory' is clicked on

2018-01-12 12:52:30 - [TEST_STEP][PASSED] - delay: Delayed 3 second(s)

2018-01-12 12:52:33 - [MESSAGE][PASSED] - Delayed 3 second(s)

2018-01-12 12:52:33 - [TEST_STEP][PASSED] - click: Object: 'Object Repository/GIAP-DC/Vessel/Operating Parameters/History/selectSpaceHistory' is clicked on

2018-01-12 12:52:33 - [MESSAGE][PASSED] - Object: 'Object Repository/GIAP-DC/Vessel/Operating Parameters/History/selectSpaceHistory' is clicked on

2018-01-12 12:52:33 - [TEST_STEP][PASSED] - click: Object: 'Object Repository/GIAP-DC/Vessel/Operating Parameters/History/OkSelectSpaceHistory' is clicked on

2018-01-12 12:52:39 - [MESSAGE][PASSED] - Object: 'Object Repository/GIAP-DC/Vessel/Operating Parameters/History/OkSelectSpaceHistory' is clicked on

2018-01-12 12:52:39 - [TEST_STEP][PASSED] - click: Object: 'Object Repository/GIAP-DC/Vessel/Operating Parameters/History/addButton (1)' is clicked on

2018-01-12 12:52:45 - [MESSAGE][PASSED] - Object: 'Object Repository/GIAP-DC/Vessel/Operating Parameters/History/addButton (1)' is clicked on

2018-01-12 12:52:45 - [MESSAGE][PASSED] - Call Test Case 'Test Cases/Work/Vessel/OpParam/History' successfully

2018-01-12 12:52:45 - [TEST_STEP][PASSED] - callTestCase: Call Test Case 'Test Cases/Work/Vessel/OpParam/History_2' successfully

2018-01-12 12:52:45 - [TEST_CASE][PASSED] - Test Cases/Work/Vessel/OpParam/History_2: Test Cases/Work/Vessel/OpParam/History_2

2018-01-12 12:52:46 - [TEST_STEP][NOT_RUN] - delay: NOT_RUN: delay

2018-01-12 12:52:46 - [MESSAGE][NOT_RUN] - NOT_RUN: delay

2018-01-12 12:52:46 - [TEST_STEP][NOT_RUN] - click: NOT_RUN: click

2018-01-12 12:52:46 - [MESSAGE][NOT_RUN] - NOT_RUN: click

2018-01-12 12:52:46 - [TEST_STEP][PASSED] - waitForJQueryLoad: jQuery is ready.

2018-01-12 12:52:46 - [MESSAGE][WARNING] - Timeout '0' is invalid. Using default page load timeout: '15'

2018-01-12 12:52:47 - [MESSAGE][PASSED] - jQuery is ready.

2018-01-12 12:52:47 - [TEST_STEP][PASSED] - click: Object: 'Object Repository/GIAP-DC/Vessel/Operating Parameters/History/addHistory' is clicked on

2018-01-12 12:52:47 - [MESSAGE][PASSED] - Object: 'Object Repository/GIAP-DC/Vessel/Operating Parameters/History/addHistory' is clicked on

2018-01-12 12:52:47 - [TEST_STEP][PASSED] - waitForJQueryLoad: jQuery is ready.

2018-01-12 12:52:47 - [MESSAGE][WARNING] - Timeout '0' is invalid. Using default page load timeout: '15'

2018-01-12 12:52:48 - [MESSAGE][PASSED] - jQuery is ready.

2018-01-12 12:52:48 - [TEST_STEP][PASSED] - setText: Text '25.05.2015' is set on object 'Object Repository/GIAP-DC/Vessel/Operating Parameters/History/DateHistory'

2018-01-12 12:53:02 - [MESSAGE][PASSED] - Text '25.05.2015' is set on object 'Object Repository/GIAP-DC/Vessel/Operating Parameters/History/DateHistory'

2018-01-12 12:53:02 - [TEST_STEP][PASSED] - click: Object: 'Object Repository/GIAP-DC/Vessel/Operating Parameters/History/sourceHistory' is clicked on

2018-01-12 12:53:03 - [MESSAGE][PASSED] - Object: 'Object Repository/GIAP-DC/Vessel/Operating Parameters/History/sourceHistory' is clicked on

2018-01-12 12:53:03 - [TEST_STEP][PASSED] - delay: Delayed 3 second(s)

2018-01-12 12:53:06 - [MESSAGE][PASSED] - Delayed 3 second(s)

2018-01-12 12:53:06 - [TEST_STEP][PASSED] - click: Object: 'Object Repository/GIAP-DC/Vessel/Operating Parameters/History/selectDataSource' is clicked on

2018-01-12 12:53:06 - [MESSAGE][PASSED] - Object: 'Object Repository/GIAP-DC/Vessel/Operating Parameters/History/selectDataSource' is clicked on

2018-01-12 12:53:06 - [TEST_STEP][PASSED] - setText: Text 'нефтепродукты' is set on object 'Object Repository/GIAP-DC/Vessel/Operating Parameters/Environment/enviromentFromSource'

2018-01-12 12:53:20 - [MESSAGE][PASSED] - Text 'нефтепродукты' is set on object 'Object Repository/GIAP-DC/Vessel/Operating Parameters/Environment/enviromentFromSource'

2018-01-12 12:53:20 - [TEST_STEP][PASSED] - setText: Text 'корпус' is set on object 'Object Repository/GIAP-DC/Vessel/Operating Parameters/History/spaceFromSource'

2018-01-12 12:53:33 - [MESSAGE][PASSED] - Text 'корпус' is set on object 'Object Repository/GIAP-DC/Vessel/Operating Parameters/History/spaceFromSource'

2018-01-12 12:53:33 - [TEST_STEP][PASSED] - click: Object: 'Object Repository/GIAP-DC/Vessel/Operating Parameters/History/valueHistory' is clicked on

2018-01-12 12:53:33 - [MESSAGE][PASSED] - Object: 'Object Repository/GIAP-DC/Vessel/Operating Parameters/History/valueHistory' is clicked on

2018-01-12 12:53:33 - [TEST_STEP][PASSED] - delay: Delayed 3 second(s)

2018-01-12 12:53:36 - [MESSAGE][PASSED] - Delayed 3 second(s)

2018-01-12 12:53:36 - [TEST_STEP][PASSED] - click: Object: 'Object Repository/GIAP-DC/Vessel/Operating Parameters/History/selectValue' is clicked on

2018-01-12 12:53:36 - [MESSAGE][PASSED] - Object: 'Object Repository/GIAP-DC/Vessel/Operating Parameters/History/selectValue' is clicked on

2018-01-12 12:53:36 - [TEST_STEP][NOT_RUN] - click: NOT_RUN: click

2018-01-12 12:53:36 - [MESSAGE][NOT_RUN] - NOT_RUN: click

2018-01-12 12:53:36 - [TEST_STEP][PASSED] - setText: Text '0.15' is set on object 'Object Repository/GIAP-DC/Vessel/Operating Parameters/History/workPin'

2018-01-12 12:53:49 - [MESSAGE][PASSED] - Text '0.15' is set on object 'Object Repository/GIAP-DC/Vessel/Operating Parameters/History/workPin'

2018-01-12 12:53:49 - [TEST_STEP][PASSED] - setText: Text '0.15' is set on object 'Object Repository/GIAP-DC/Vessel/Operating Parameters/History/workPout'

2018-01-12 12:54:02 - [MESSAGE][PASSED] - Text '0.15' is set on object 'Object Repository/GIAP-DC/Vessel/Operating Parameters/History/workPout'

2018-01-12 12:54:02 - [TEST_STEP][PASSED] - setText: Text '0.15' is set on object 'Object Repository/GIAP-DC/Vessel/Operating Parameters/History/allowedP'

2018-01-12 12:54:15 - [MESSAGE][PASSED] - Text '0.15' is set on object 'Object Repository/GIAP-DC/Vessel/Operating Parameters/History/allowedP'

2018-01-12 12:54:15 - [TEST_STEP][PASSED] - setText: Text '0.15' is set on object 'Object Repository/GIAP-DC/Vessel/Operating Parameters/History/calculatedP'

2018-01-12 12:54:27 - [MESSAGE][PASSED] - Text '0.15' is set on object 'Object Repository/GIAP-DC/Vessel/Operating Parameters/History/calculatedP'

2018-01-12 12:54:27 - [TEST_STEP][PASSED] - setText: Text '80' is set on object 'Object Repository/GIAP-DC/Vessel/Operating Parameters/History/workTin'

2018-01-12 12:54:40 - [MESSAGE][PASSED] - Text '80' is set on object 'Object Repository/GIAP-DC/Vessel/Operating Parameters/History/workTin'

2018-01-12 12:54:40 - [TEST_STEP][PASSED] - setText: Text '80' is set on object 'Object Repository/GIAP-DC/Vessel/Operating Parameters/History/workTout'

2018-01-12 12:54:53 - [MESSAGE][PASSED] - Text '80' is set on object 'Object Repository/GIAP-DC/Vessel/Operating Parameters/History/workTout'

2018-01-12 12:54:53 - [TEST_STEP][PASSED] - setText: Text '80' is set on object 'Object Repository/GIAP-DC/Vessel/Operating Parameters/History/allowedT'

2018-01-12 12:55:06 - [MESSAGE][PASSED] - Text '80' is set on object 'Object Repository/GIAP-DC/Vessel/Operating Parameters/History/allowedT'

2018-01-12 12:55:06 - [TEST_STEP][PASSED] - setText: Text '80' is set on object 'Object Repository/GIAP-DC/Vessel/Operating Parameters/History/calculatedT'

2018-01-12 12:55:20 - [MESSAGE][PASSED] - Text '80' is set on object 'Object Repository/GIAP-DC/Vessel/Operating Parameters/History/calculatedT'

2018-01-12 12:55:20 - [TEST_STEP][PASSED] - click: Object: 'Object Repository/GIAP-DC/Vessel/Operating Parameters/History/addSpaceHistoryButton' is clicked on

2018-01-12 12:55:25 - [MESSAGE][PASSED] - Object: 'Object Repository/GIAP-DC/Vessel/Operating Parameters/History/addSpaceHistoryButton' is clicked on

2018-01-12 12:55:25 - [TEST_STEP][PASSED] - click: Object: 'Object Repository/GIAP-DC/Vessel/Operating Parameters/History/openSelectSpaceHistory' is clicked on

2018-01-12 12:55:26 - [MESSAGE][PASSED] - Object: 'Object Repository/GIAP-DC/Vessel/Operating Parameters/History/openSelectSpaceHistory' is clicked on

2018-01-12 12:55:26 - [TEST_STEP][PASSED] - delay: Delayed 3 second(s)

2018-01-12 12:55:29 - [MESSAGE][PASSED] - Delayed 3 second(s)

2018-01-12 12:55:29 - [TEST_STEP][PASSED] - click: Object: 'Object Repository/GIAP-DC/Vessel/Operating Parameters/History/selectSpaceHistory' is clicked on

2018-01-12 12:55:30 - [MESSAGE][PASSED] - Object: 'Object Repository/GIAP-DC/Vessel/Operating Parameters/History/selectSpaceHistory' is clicked on

2018-01-12 12:55:30 - [TEST_STEP][PASSED] - click: Object: 'Object Repository/GIAP-DC/Vessel/Operating Parameters/History/OkSelectSpaceHistory' is clicked on

2018-01-12 12:55:35 - [MESSAGE][PASSED] - Object: 'Object Repository/GIAP-DC/Vessel/Operating Parameters/History/OkSelectSpaceHistory' is clicked on

2018-01-12 12:55:35 - [TEST_STEP][PASSED] - click: Object: 'Object Repository/GIAP-DC/Vessel/Operating Parameters/History/addButton (1)' is clicked on

2018-01-12 12:55:42 - [MESSAGE][PASSED] - Object: 'Object Repository/GIAP-DC/Vessel/Operating Parameters/History/addButton (1)' is clicked on

2018-01-12 12:55:42 - [MESSAGE][PASSED] - Call Test Case 'Test Cases/Work/Vessel/OpParam/History_2' successfully

2018-01-12 12:55:42 - [TEST_STEP][PASSED] - comment: Заносим данные на вкладку "Технологические среды"

2018-01-12 12:55:42 - [TEST_STEP][PASSED] - callTestCase: Call Test Case 'Test Cases/Work/Vessel/OpParam/Envir' successfully

2018-01-12 12:55:42 - [TEST_CASE][PASSED] - Test Cases/Work/Vessel/OpParam/Envir: Test Cases/Work/Vessel/OpParam/Envir

2018-01-12 12:55:43 - [TEST_STEP][PASSED] - delay: Delayed 3 second(s)

2018-01-12 12:55:46 - [MESSAGE][PASSED] - Delayed 3 second(s)

2018-01-12 12:55:46 - [TEST_STEP][PASSED] - click: Object: 'Object Repository/GIAP-DC/Vessel/Operating Parameters/Environment/EnviromentButton' is clicked on

2018-01-12 12:55:49 - [MESSAGE][PASSED] - Object: 'Object Repository/GIAP-DC/Vessel/Operating Parameters/Environment/EnviromentButton' is clicked on

2018-01-12 12:55:49 - [TEST_STEP][PASSED] - waitForJQueryLoad: jQuery is ready.

2018-01-12 12:55:49 - [MESSAGE][WARNING] - Timeout '0' is invalid. Using default page load timeout: '15'

2018-01-12 12:55:50 - [MESSAGE][PASSED] - jQuery is ready.

2018-01-12 12:55:50 - [TEST_STEP][PASSED] - click: Object: 'Object Repository/GIAP-DC/Vessel/Operating Parameters/Environment/addEnviroment' is clicked on

2018-01-12 12:55:50 - [MESSAGE][PASSED] - Object: 'Object Repository/GIAP-DC/Vessel/Operating Parameters/Environment/addEnviroment' is clicked on

2018-01-12 12:55:50 - [TEST_STEP][PASSED] - waitForJQueryLoad: jQuery is ready.

2018-01-12 12:55:51 - [MESSAGE][WARNING] - Timeout '0' is invalid. Using default page load timeout: '15'

2018-01-12 12:55:51 - [MESSAGE][PASSED] - jQuery is ready.

2018-01-12 12:55:51 - [TEST_STEP][PASSED] - setText: Text '25/01/2011' is set on object 'Object Repository/GIAP-DC/Vessel/Operating Parameters/Environment/dateEnviroment'

2018-01-12 12:56:04 - [MESSAGE][PASSED] - Text '25/01/2011' is set on object 'Object Repository/GIAP-DC/Vessel/Operating Parameters/Environment/dateEnviroment'

2018-01-12 12:56:04 - [TEST_STEP][PASSED] - click: Object: 'Object Repository/GIAP-DC/Vessel/Operating Parameters/Environment/sourceEnviroment' is clicked on

2018-01-12 12:56:04 - [MESSAGE][PASSED] - Object: 'Object Repository/GIAP-DC/Vessel/Operating Parameters/Environment/sourceEnviroment' is clicked on

2018-01-12 12:56:04 - [TEST_STEP][PASSED] - delay: Delayed 3 second(s)

2018-01-12 12:56:07 - [MESSAGE][PASSED] - Delayed 3 second(s)

2018-01-12 12:56:07 - [TEST_STEP][PASSED] - click: Object: 'Object Repository/GIAP-DC/Vessel/Operating Parameters/Environment/selectSourceEnviroment' is clicked on

2018-01-12 12:56:07 - [MESSAGE][PASSED] - Object: 'Object Repository/GIAP-DC/Vessel/Operating Parameters/Environment/selectSourceEnviroment' is clicked on

2018-01-12 12:56:07 - [TEST_STEP][PASSED] - setText: Text 'нефтепродукты' is set on object 'Object Repository/GIAP-DC/Vessel/Operating Parameters/Environment/nameEnviroment'

2018-01-12 12:56:19 - [MESSAGE][PASSED] - Text 'нефтепродукты' is set on object 'Object Repository/GIAP-DC/Vessel/Operating Parameters/Environment/nameEnviroment'

2018-01-12 12:56:19 - [TEST_STEP][PASSED] - click: Object: 'Object Repository/GIAP-DC/Vessel/Operating Parameters/Environment/dangerClassEnviroment' is clicked on

2018-01-12 12:56:19 - [MESSAGE][PASSED] - Object: 'Object Repository/GIAP-DC/Vessel/Operating Parameters/Environment/dangerClassEnviroment' is clicked on

2018-01-12 12:56:19 - [TEST_STEP][PASSED] - delay: Delayed 3 second(s)

2018-01-12 12:56:22 - [MESSAGE][PASSED] - Delayed 3 second(s)

2018-01-12 12:56:22 - [TEST_STEP][PASSED] - click: Object: 'Object Repository/GIAP-DC/Vessel/Operating Parameters/Environment/selectDangerClassEnviroment' is clicked on

2018-01-12 12:56:22 - [MESSAGE][PASSED] - Object: 'Object Repository/GIAP-DC/Vessel/Operating Parameters/Environment/selectDangerClassEnviroment' is clicked on

2018-01-12 12:56:22 - [TEST_STEP][PASSED] - click: Object: 'Object Repository/GIAP-DC/Vessel/Operating Parameters/Environment/explosiveEnviroment' is clicked on

2018-01-12 12:56:22 - [MESSAGE][PASSED] - Object: 'Object Repository/GIAP-DC/Vessel/Operating Parameters/Environment/explosiveEnviroment' is clicked on

2018-01-12 12:56:22 - [TEST_STEP][PASSED] - delay: Delayed 3 second(s)

2018-01-12 12:56:25 - [MESSAGE][PASSED] - Delayed 3 second(s)

2018-01-12 12:56:25 - [TEST_STEP][PASSED] - click: Object: 'Object Repository/GIAP-DC/Vessel/Operating Parameters/Environment/selectExplosiveEnviroment' is clicked on

2018-01-12 12:56:25 - [MESSAGE][PASSED] - Object: 'Object Repository/GIAP-DC/Vessel/Operating Parameters/Environment/selectExplosiveEnviroment' is clicked on

2018-01-12 12:56:25 - [TEST_STEP][PASSED] - click: Object: 'Object Repository/GIAP-DC/Vessel/Operating Parameters/Environment/addSpaceEnviromentButton' is clicked on

2018-01-12 12:56:30 - [MESSAGE][PASSED] - Object: 'Object Repository/GIAP-DC/Vessel/Operating Parameters/Environment/addSpaceEnviromentButton' is clicked on

2018-01-12 12:56:30 - [TEST_STEP][PASSED] - click: Object: 'Object Repository/GIAP-DC/Vessel/Operating Parameters/Environment/openSelectSpaceEnviroment' is clicked on

2018-01-12 12:56:33 - [MESSAGE][PASSED] - Object: 'Object Repository/GIAP-DC/Vessel/Operating Parameters/Environment/openSelectSpaceEnviroment' is clicked on

2018-01-12 12:56:33 - [TEST_STEP][PASSED] - delay: Delayed 3 second(s)

2018-01-12 12:56:36 - [MESSAGE][PASSED] - Delayed 3 second(s)

2018-01-12 12:56:36 - [TEST_STEP][PASSED] - click: Object: 'Object Repository/GIAP-DC/Vessel/Operating Parameters/Environment/selectSpaceEnviroment' is clicked on

2018-01-12 12:56:36 - [MESSAGE][PASSED] - Object: 'Object Repository/GIAP-DC/Vessel/Operating Parameters/Environment/selectSpaceEnviroment' is clicked on

2018-01-12 12:56:36 - [TEST_STEP][PASSED] - click: Object: 'Object Repository/GIAP-DC/Vessel/Operating Parameters/Environment/OkSelectSpaceEnviroment' is clicked on

2018-01-12 12:56:41 - [MESSAGE][PASSED] - Object: 'Object Repository/GIAP-DC/Vessel/Operating Parameters/Environment/OkSelectSpaceEnviroment' is clicked on

2018-01-12 12:56:41 - [TEST_STEP][PASSED] - click: Object: 'Object Repository/GIAP-DC/Vessel/Operating Parameters/Environment/addEnviromentButton' is clicked on

2018-01-12 12:56:51 - [MESSAGE][PASSED] - Object: 'Object Repository/GIAP-DC/Vessel/Operating Parameters/Environment/addEnviromentButton' is clicked on

2018-01-12 12:56:51 - [MESSAGE][PASSED] - Call Test Case 'Test Cases/Work/Vessel/OpParam/Envir' successfully

2018-01-12 12:56:51 - [TEST_STEP][PASSED] - comment: Заносим данные на вкладку "Режим эксплуатации"

2018-01-12 12:56:51 - [TEST_STEP][FAILED] - callTestCase: Unable to call Test Case with id 'Test Cases/Work/Vessel/OpParam/Regime' (Root cause: Call Test Case 'Test Cases/Work/Vessel/OpParam/Regime' failed)

2018-01-12 12:56:51 - [TEST_CASE][FAILED] - Test Cases/Work/Vessel/OpParam/Regime: Test Cases/Work/Vessel/OpParam/Regime FAILED because (of) Unable to click on object 'Object Repository/GIAP-DC/Vessel/SaveButton' (Root cause: org.openqa.selenium.WebDriverException: unknown error: Element <button tabs_but="-1" style="margin: 8px;" id="-1" name="Сохранить" class="btn btn-success btn-sm m-m-btn-success_transfer_to" type="button">...</button> is not clickable at point (1534, 766). Other element would receive the click: <div class="blockUI blockOverlay" style="z-index: 1000; border: none; margin: 0px; padding: 0px; width: 100%; height: 100%; top: 0px; left: 0px; background-color: rgb(0, 0, 0); opacity: 0; cursor: default; position: fixed;"></div>
  (Session info: chrome=63.0.3239.132)
  (Driver info: chromedriver=2.33.506120 (e3e53437346286c0bc2d2dc9aa4915ba81d9023f),platform=Windows NT 10.0.16299 x86_64) (WARNING: The server did not provide any stacktrace information)
Command duration or timeout: 0 milliseconds
Build info: version: '3.7.1', revision: '8a0099a', time: '2017-11-06T21:07:36.161Z'
System info: host: 'TAUSHEVIS', ip: '192.168.100.10', os.name: 'Windows 10', os.arch: 'amd64', os.version: '10.0', java.version: '1.8.0_102'
Driver info: com.kms.katalon.selenium.driver.CChromeDriver
Capabilities {acceptSslCerts: true, applicationCacheEnabled: false, browserConnectionEnabled: false, browserName: chrome, chrome: {chromedriverVersion: 2.33.506120 (e3e53437346286..., userDataDir: C:\Users\GDC\AppData\Local\...}, cssSelectorsEnabled: true, databaseEnabled: false, handlesAlerts: true, hasTouchScreen: false, javascriptEnabled: true, locationContextEnabled: true, mobileEmulationEnabled: false, nativeEvents: true, networkConnectionEnabled: false, pageLoadStrategy: normal, platform: XP, platformName: XP, rotatable: false, setWindowRect: true, takesHeapSnapshot: true, takesScreenshot: true, unexpectedAlertBehaviour: , unhandledPromptBehavior: , version: 63.0.3239.132, webStorageEnabled: true}
Session ID: 49d2810954dcbf7b02f392cf2c94e3cd)

2018-01-12 12:56:51 - [TEST_STEP][PASSED] - delay: Delayed 3 second(s)

2018-01-12 12:56:54 - [MESSAGE][PASSED] - Delayed 3 second(s)

2018-01-12 12:56:54 - [TEST_STEP][PASSED] - click: Object: 'Object Repository/GIAP-DC/Vessel/Operating Parameters/Regime/regimeButton' is clicked on

2018-01-12 12:56:57 - [MESSAGE][PASSED] - Object: 'Object Repository/GIAP-DC/Vessel/Operating Parameters/Regime/regimeButton' is clicked on

2018-01-12 12:56:57 - [TEST_STEP][PASSED] - waitForJQueryLoad: jQuery is ready.

2018-01-12 12:56:57 - [MESSAGE][WARNING] - Timeout '0' is invalid. Using default page load timeout: '15'

2018-01-12 12:56:58 - [MESSAGE][PASSED] - jQuery is ready.

2018-01-12 12:56:58 - [TEST_STEP][PASSED] - click: Object: 'Object Repository/GIAP-DC/Vessel/Operating Parameters/Regime/addRegime' is clicked on

2018-01-12 12:56:59 - [MESSAGE][PASSED] - Object: 'Object Repository/GIAP-DC/Vessel/Operating Parameters/Regime/addRegime' is clicked on

2018-01-12 12:56:59 - [TEST_STEP][PASSED] - waitForJQueryLoad: jQuery is ready.

2018-01-12 12:56:59 - [MESSAGE][WARNING] - Timeout '0' is invalid. Using default page load timeout: '15'

2018-01-12 12:56:59 - [MESSAGE][PASSED] - jQuery is ready.

2018-01-12 12:56:59 - [TEST_STEP][PASSED] - delay: Delayed 3 second(s)

2018-01-12 12:57:02 - [MESSAGE][PASSED] - Delayed 3 second(s)

2018-01-12 12:57:02 - [TEST_STEP][PASSED] - click: Object: 'Object Repository/GIAP-DC/Vessel/Operating Parameters/Regime/regima' is clicked on

2018-01-12 12:57:02 - [MESSAGE][PASSED] - Object: 'Object Repository/GIAP-DC/Vessel/Operating Parameters/Regime/regima' is clicked on

2018-01-12 12:57:02 - [TEST_STEP][PASSED] - delay: Delayed 3 second(s)

2018-01-12 12:57:05 - [MESSAGE][PASSED] - Delayed 3 second(s)

2018-01-12 12:57:05 - [TEST_STEP][PASSED] - click: Object: 'Object Repository/GIAP-DC/Vessel/Operating Parameters/Regime/selectRegime' is clicked on

2018-01-12 12:57:06 - [MESSAGE][PASSED] - Object: 'Object Repository/GIAP-DC/Vessel/Operating Parameters/Regime/selectRegime' is clicked on

2018-01-12 12:57:06 - [TEST_STEP][PASSED] - click: Object: 'Object Repository/GIAP-DC/Vessel/Operating Parameters/Regime/addButton' is clicked on

2018-01-12 12:57:11 - [MESSAGE][PASSED] - Object: 'Object Repository/GIAP-DC/Vessel/Operating Parameters/Regime/addButton' is clicked on

2018-01-12 12:57:11 - [TEST_STEP][FAILED] - click: Unable to click on object 'Object Repository/GIAP-DC/Vessel/SaveButton' (Root cause: org.openqa.selenium.WebDriverException: unknown error: Element <button tabs_but="-1" style="margin: 8px;" id="-1" name="Сохранить" class="btn btn-success btn-sm m-m-btn-success_transfer_to" type="button">...</button> is not clickable at point (1534, 766). Other element would receive the click: <div class="blockUI blockOverlay" style="z-index: 1000; border: none; margin: 0px; padding: 0px; width: 100%; height: 100%; top: 0px; left: 0px; background-color: rgb(0, 0, 0); opacity: 0; cursor: default; position: fixed;"></div>
  (Session info: chrome=63.0.3239.132)
  (Driver info: chromedriver=2.33.506120 (e3e53437346286c0bc2d2dc9aa4915ba81d9023f),platform=Windows NT 10.0.16299 x86_64) (WARNING: The server did not provide any stacktrace information)
Command duration or timeout: 0 milliseconds
Build info: version: '3.7.1', revision: '8a0099a', time: '2017-11-06T21:07:36.161Z'
System info: host: 'TAUSHEVIS', ip: '192.168.100.10', os.name: 'Windows 10', os.arch: 'amd64', os.version: '10.0', java.version: '1.8.0_102'
Driver info: com.kms.katalon.selenium.driver.CChromeDriver
Capabilities {acceptSslCerts: true, applicationCacheEnabled: false, browserConnectionEnabled: false, browserName: chrome, chrome: {chromedriverVersion: 2.33.506120 (e3e53437346286..., userDataDir: C:\Users\GDC\AppData\Local\...}, cssSelectorsEnabled: true, databaseEnabled: false, handlesAlerts: true, hasTouchScreen: false, javascriptEnabled: true, locationContextEnabled: true, mobileEmulationEnabled: false, nativeEvents: true, networkConnectionEnabled: false, pageLoadStrategy: normal, platform: XP, platformName: XP, rotatable: false, setWindowRect: true, takesHeapSnapshot: true, takesScreenshot: true, unexpectedAlertBehaviour: , unhandledPromptBehavior: , version: 63.0.3239.132, webStorageEnabled: true}
Session ID: 49d2810954dcbf7b02f392cf2c94e3cd)

2018-01-12 12:57:13 - [MESSAGE][FAILED] - Unable to click on object 'Object Repository/GIAP-DC/Vessel/SaveButton' (Root cause: org.openqa.selenium.WebDriverException: unknown error: Element <button tabs_but="-1" style="margin: 8px;" id="-1" name="Сохранить" class="btn btn-success btn-sm m-m-btn-success_transfer_to" type="button">...</button> is not clickable at point (1534, 766). Other element would receive the click: <div class="blockUI blockOverlay" style="z-index: 1000; border: none; margin: 0px; padding: 0px; width: 100%; height: 100%; top: 0px; left: 0px; background-color: rgb(0, 0, 0); opacity: 0; cursor: default; position: fixed;"></div>
  (Session info: chrome=63.0.3239.132)
  (Driver info: chromedriver=2.33.506120 (e3e53437346286c0bc2d2dc9aa4915ba81d9023f),platform=Windows NT 10.0.16299 x86_64) (WARNING: The server did not provide any stacktrace information)
Command duration or timeout: 0 milliseconds
Build info: version: '3.7.1', revision: '8a0099a', time: '2017-11-06T21:07:36.161Z'
System info: host: 'TAUSHEVIS', ip: '192.168.100.10', os.name: 'Windows 10', os.arch: 'amd64', os.version: '10.0', java.version: '1.8.0_102'
Driver info: com.kms.katalon.selenium.driver.CChromeDriver
Capabilities {acceptSslCerts: true, applicationCacheEnabled: false, browserConnectionEnabled: false, browserName: chrome, chrome: {chromedriverVersion: 2.33.506120 (e3e53437346286..., userDataDir: C:\Users\GDC\AppData\Local\...}, cssSelectorsEnabled: true, databaseEnabled: false, handlesAlerts: true, hasTouchScreen: false, javascriptEnabled: true, locationContextEnabled: true, mobileEmulationEnabled: false, nativeEvents: true, networkConnectionEnabled: false, pageLoadStrategy: normal, platform: XP, platformName: XP, rotatable: false, setWindowRect: true, takesHeapSnapshot: true, takesScreenshot: true, unexpectedAlertBehaviour: , unhandledPromptBehavior: , version: 63.0.3239.132, webStorageEnabled: true}
Session ID: 49d2810954dcbf7b02f392cf2c94e3cd)
[[ATTACHMENT|C:\\TestProject\\glowing-giggle\\Reports\\CreateVessel\\20180112_124839\\1515751032354.png]]

2018-01-12 12:57:13 - [MESSAGE][FAILED] - Unable to call Test Case with id 'Test Cases/Work/Vessel/OpParam/Regime' (Root cause: Call Test Case 'Test Cases/Work/Vessel/OpParam/Regime' failed)]]></system-out>
         <system-err><![CDATA[2018-01-12 12:49:21 - [TEST_CASE][FAILED] - Test Cases/Work/Vessel/3. FillingOperatingParameters: Test Cases/Work/Vessel/3. FillingOperatingParameters FAILED because (of) Unable to click on object 'Object Repository/GIAP-DC/Vessel/SaveButton' (Root cause: org.openqa.selenium.WebDriverException: unknown error: Element <button tabs_but="-1" style="margin: 8px;" id="-1" name="Сохранить" class="btn btn-success btn-sm m-m-btn-success_transfer_to" type="button">...</button> is not clickable at point (1534, 766). Other element would receive the click: <div class="blockUI blockOverlay" style="z-index: 1000; border: none; margin: 0px; padding: 0px; width: 100%; height: 100%; top: 0px; left: 0px; background-color: rgb(0, 0, 0); opacity: 0; cursor: default; position: fixed;"></div>
  (Session info: chrome=63.0.3239.132)
  (Driver info: chromedriver=2.33.506120 (e3e53437346286c0bc2d2dc9aa4915ba81d9023f),platform=Windows NT 10.0.16299 x86_64) (WARNING: The server did not provide any stacktrace information)
Command duration or timeout: 0 milliseconds
Build info: version: '3.7.1', revision: '8a0099a', time: '2017-11-06T21:07:36.161Z'
System info: host: 'TAUSHEVIS', ip: '192.168.100.10', os.name: 'Windows 10', os.arch: 'amd64', os.version: '10.0', java.version: '1.8.0_102'
Driver info: com.kms.katalon.selenium.driver.CChromeDriver
Capabilities {acceptSslCerts: true, applicationCacheEnabled: false, browserConnectionEnabled: false, browserName: chrome, chrome: {chromedriverVersion: 2.33.506120 (e3e53437346286..., userDataDir: C:\Users\GDC\AppData\Local\...}, cssSelectorsEnabled: true, databaseEnabled: false, handlesAlerts: true, hasTouchScreen: false, javascriptEnabled: true, locationContextEnabled: true, mobileEmulationEnabled: false, nativeEvents: true, networkConnectionEnabled: false, pageLoadStrategy: normal, platform: XP, platformName: XP, rotatable: false, setWindowRect: true, takesHeapSnapshot: true, takesScreenshot: true, unexpectedAlertBehaviour: , unhandledPromptBehavior: , version: 63.0.3239.132, webStorageEnabled: true}
Session ID: 49d2810954dcbf7b02f392cf2c94e3cd)]]></system-err>
      </testcase>
      <system-out><![CDATA[2018-01-12 12:48:41 - [TEST_SUITE][FAILED] - CreateVessel: Test Cases/Work/Vessel/3. FillingOperatingParameters FAILED because (of) Unable to click on object 'Object Repository/GIAP-DC/Vessel/SaveButton' (Root cause: org.openqa.selenium.WebDriverException: unknown error: Element <button tabs_but="-1" style="margin: 8px;" id="-1" name="Сохранить" class="btn btn-success btn-sm m-m-btn-success_transfer_to" type="button">...</button> is not clickable at point (1534, 766). Other element would receive the click: <div class="blockUI blockOverlay" style="z-index: 1000; border: none; margin: 0px; padding: 0px; width: 100%; height: 100%; top: 0px; left: 0px; background-color: rgb(0, 0, 0); opacity: 0; cursor: default; position: fixed;"></div>
  (Session info: chrome=63.0.3239.132)
  (Driver info: chromedriver=2.33.506120 (e3e53437346286c0bc2d2dc9aa4915ba81d9023f),platform=Windows NT 10.0.16299 x86_64) (WARNING: The server did not provide any stacktrace information)
Command duration or timeout: 0 milliseconds
Build info: version: '3.7.1', revision: '8a0099a', time: '2017-11-06T21:07:36.161Z'
System info: host: 'TAUSHEVIS', ip: '192.168.100.10', os.name: 'Windows 10', os.arch: 'amd64', os.version: '10.0', java.version: '1.8.0_102'
Driver info: com.kms.katalon.selenium.driver.CChromeDriver
Capabilities {acceptSslCerts: true, applicationCacheEnabled: false, browserConnectionEnabled: false, browserName: chrome, chrome: {chromedriverVersion: 2.33.506120 (e3e53437346286..., userDataDir: C:\Users\GDC\AppData\Local\...}, cssSelectorsEnabled: true, databaseEnabled: false, handlesAlerts: true, hasTouchScreen: false, javascriptEnabled: true, locationContextEnabled: true, mobileEmulationEnabled: false, nativeEvents: true, networkConnectionEnabled: false, pageLoadStrategy: normal, platform: XP, platformName: XP, rotatable: false, setWindowRect: true, takesHeapSnapshot: true, takesScreenshot: true, unexpectedAlertBehaviour: , unhandledPromptBehavior: , version: 63.0.3239.132, webStorageEnabled: true}
Session ID: 49d2810954dcbf7b02f392cf2c94e3cd)]]></system-out>
      <system-err><![CDATA[2018-01-12 12:48:41 - [TEST_SUITE][FAILED] - CreateVessel: Test Cases/Work/Vessel/3. FillingOperatingParameters FAILED because (of) Unable to click on object 'Object Repository/GIAP-DC/Vessel/SaveButton' (Root cause: org.openqa.selenium.WebDriverException: unknown error: Element <button tabs_but="-1" style="margin: 8px;" id="-1" name="Сохранить" class="btn btn-success btn-sm m-m-btn-success_transfer_to" type="button">...</button> is not clickable at point (1534, 766). Other element would receive the click: <div class="blockUI blockOverlay" style="z-index: 1000; border: none; margin: 0px; padding: 0px; width: 100%; height: 100%; top: 0px; left: 0px; background-color: rgb(0, 0, 0); opacity: 0; cursor: default; position: fixed;"></div>
  (Session info: chrome=63.0.3239.132)
  (Driver info: chromedriver=2.33.506120 (e3e53437346286c0bc2d2dc9aa4915ba81d9023f),platform=Windows NT 10.0.16299 x86_64) (WARNING: The server did not provide any stacktrace information)
Command duration or timeout: 0 milliseconds
Build info: version: '3.7.1', revision: '8a0099a', time: '2017-11-06T21:07:36.161Z'
System info: host: 'TAUSHEVIS', ip: '192.168.100.10', os.name: 'Windows 10', os.arch: 'amd64', os.version: '10.0', java.version: '1.8.0_102'
Driver info: com.kms.katalon.selenium.driver.CChromeDriver
Capabilities {acceptSslCerts: true, applicationCacheEnabled: false, browserConnectionEnabled: false, browserName: chrome, chrome: {chromedriverVersion: 2.33.506120 (e3e53437346286..., userDataDir: C:\Users\GDC\AppData\Local\...}, cssSelectorsEnabled: true, databaseEnabled: false, handlesAlerts: true, hasTouchScreen: false, javascriptEnabled: true, locationContextEnabled: true, mobileEmulationEnabled: false, nativeEvents: true, networkConnectionEnabled: false, pageLoadStrategy: normal, platform: XP, platformName: XP, rotatable: false, setWindowRect: true, takesHeapSnapshot: true, takesScreenshot: true, unexpectedAlertBehaviour: , unhandledPromptBehavior: , version: 63.0.3239.132, webStorageEnabled: true}
Session ID: 49d2810954dcbf7b02f392cf2c94e3cd)]]></system-err>
   </testsuite>
</testsuites>
